#
# There is insufficient memory for the Java Runtime Environment to continue.
# Native memory allocation (malloc) failed to allocate 1103376 bytes for Chunk::new
# Possible reasons:
#   The system is out of physical RAM or swap space
#   The process is running with CompressedOops enabled, and the Java Heap may be blocking the growth of the native heap
# Possible solutions:
#   Reduce memory load on the system
#   Increase physical memory or swap space
#   Check if swap backing store is full
#   Decrease Java heap size (-Xmx/-Xms)
#   Decrease number of Java threads
#   Decrease Java thread stack sizes (-Xss)
#   Set larger code cache with -XX:ReservedCodeCacheSize=
#   JVM is running with Unscaled Compressed Oops mode in which the Java heap is
#     placed in the first 4GB address space. The Java Heap base address is the
#     maximum limit for the native heap growth. Please use -XX:HeapBaseMinAddress
#     to set the Java Heap base and to place the Java Heap above 4GB virtual address.
# This output file may be truncated or incomplete.
#
#  Out of Memory Error (./src/hotspot/share/memory/arena.cpp:197), pid=9668, tid=20348
#
# JRE version: OpenJDK Runtime Environment (11.0.8+10) (build 11.0.8+10-b944.6842174)
# Java VM: OpenJDK 64-Bit Server VM (11.0.8+10-b944.6842174, mixed mode, tiered, compressed oops, g1 gc, windows-amd64)
# No core dump will be written. Minidumps are not enabled by default on client versions of Windows
#

---------------  S U M M A R Y ------------

Command Line: --add-opens=java.base/java.util=ALL-UNNAMED --add-opens=java.base/java.lang=ALL-UNNAMED --add-opens=java.base/java.lang.invoke=ALL-UNNAMED --add-opens=java.prefs/java.util.prefs=ALL-UNNAMED -Xmx2048m -Dfile.encoding=UTF-8 -Duser.country=IN -Duser.language=en -Duser.variant org.gradle.launcher.daemon.bootstrap.GradleDaemon 6.7.1

Host: AMD Ryzen 5 4600H with Radeon Graphics         , 12 cores, 7G,  Windows 10 , 64 bit Build 19041 (10.0.19041.1023)
Time: Tue Jul 13 21:01:36 2021 India Standard Time elapsed time: 4825 seconds (0d 1h 20m 25s)

---------------  T H R E A D  ---------------

Current thread (0x00000181352dd000):  JavaThread "C2 CompilerThread0" daemon [_thread_in_native, id=20348, stack(0x00000005ae200000,0x00000005ae300000)]


Current CompileTask:
C2:4825393 31127   !   4       org.codehaus.groovy.runtime.metaclass.ClosureMetaClass::invokeMethod (872 bytes)

Stack: [0x00000005ae200000,0x00000005ae300000]
Native frames: (J=compiled Java code, j=interpreted, Vv=VM code, C=native code)
V  [jvm.dll+0x5de50a]
V  [jvm.dll+0x7122f5]
V  [jvm.dll+0x71384d]
V  [jvm.dll+0x713f03]
V  [jvm.dll+0x23e728]
V  [jvm.dll+0xb899c]
V  [jvm.dll+0xb8e9c]
V  [jvm.dll+0x35024d]
V  [jvm.dll+0x193b27]
V  [jvm.dll+0x1f780e]
V  [jvm.dll+0x1f68d4]
V  [jvm.dll+0x17f32c]
V  [jvm.dll+0x205047]
V  [jvm.dll+0x203891]
V  [jvm.dll+0x6dad3f]
V  [jvm.dll+0x6d3895]
V  [jvm.dll+0x5dd4a6]
C  [ucrtbase.dll+0x21bb2]
C  [KERNEL32.DLL+0x17034]
C  [ntdll.dll+0x52651]


---------------  P R O C E S S  ---------------

Threads class SMR info:
_java_thread_list=0x000001813caf5420, length=149, elements={
0x000001811ab92000, 0x00000181352c4000, 0x00000181352cd000, 0x0000018135c42800,
0x00000181352db800, 0x00000181352dd000, 0x00000181352e2000, 0x00000181352e6000,
0x0000018135d9b000, 0x0000018135db4000, 0x00000181375e7800, 0x0000018137c73800,
0x00000181370f0800, 0x00000181383de800, 0x00000181383e0800, 0x00000181383dd800,
0x00000181383dc800, 0x000001813c9ac800, 0x000001813b05b800, 0x0000018138e53000,
0x000001813c9b6800, 0x0000018138e4d800, 0x0000018138e50000, 0x000001813b059800,
0x000001813c9ad800, 0x000001813c3c9800, 0x000001813c3cb800, 0x000001813c3cc800,
0x000001813c3cb000, 0x000001813c3cd800, 0x000001813c3ce000, 0x000001813c3cf000,
0x000001813c3d0000, 0x000001813c3ca000, 0x000001813c3d4800, 0x000001813c3d4000,
0x000001813c3d6800, 0x000001813c3d0800, 0x000001813c3d5800, 0x000001813c3d1800,
0x000001813c3d8000, 0x000001813c3d2800, 0x000001813c3d3000, 0x000001813c3db000,
0x000001813c3d9000, 0x000001813c3d9800, 0x000001813c3da800, 0x000001813c3dc000,
0x000001813c3d7000, 0x000001813c3df800, 0x000001813c3e1000, 0x000001813c3de800,
0x000001813c3e2000, 0x000001813c3e0000, 0x000001813c3e2800, 0x000001813c3dd000,
0x000001813c3dd800, 0x000001813c3e7800, 0x000001813c3e3800, 0x000001813c3e8800,
0x000001813c3e6000, 0x000001813c3e4000, 0x000001813c3e5000, 0x000001813c3e6800,
0x000001813fc2a800, 0x000001813fc26800, 0x000001813fc25800, 0x000001813fc28000,
0x000001813fc27800, 0x000001813fc2b800, 0x000001813fc2c000, 0x000001813fc2e800,
0x000001813fc2d000, 0x000001813fc2e000, 0x000001813fc29000, 0x000001813fc32000,
0x000001813fc32800, 0x000001813fc31000, 0x000001813fc33800, 0x000001813fc34800,
0x000001813fc35000, 0x000001813fc2f800, 0x000001813fc36000, 0x000001813fc30800,
0x000001813fc38800, 0x000001813fc3c800, 0x000001813fc37000, 0x000001813fc3d800,
0x000001813fc3b000, 0x000001813fc37800, 0x000001813fc3b800, 0x000001813fc3e000,
0x000001813fc3f000, 0x000001813fc3a000, 0x000001813fc39800, 0x000001813fc40000,
0x000001813fc41800, 0x000001813fc40800, 0x000001813fc44800, 0x000001813fc42000,
0x000001813fc43000, 0x000001813fc44000, 0x000001813c4ed800, 0x000001813c4ea000,
0x000001813c4e7800, 0x000001813c4eb000, 0x000001813c4eb800, 0x000001813c4e9800,
0x000001813c4f0800, 0x000001813c4ef000, 0x000001813c4ee000, 0x000001813c4ec800,
0x000001813c4f4800, 0x000001813c4f1800, 0x000001813c4f2000, 0x000001813c4f3000,
0x000001813c4f4000, 0x000001813c4f5800, 0x000001813c4f0000, 0x000001813c4f6800,
0x000001813c81b000, 0x000001813c820000, 0x000001813c821000, 0x000001813c821800,
0x000001813c81c000, 0x000001813c81d800, 0x000001813c822800, 0x000001813c81d000,
0x000001813c823800, 0x000001813c824000, 0x000001813c81e800, 0x000001813c825000,
0x000001813c81f000, 0x000001813c827800, 0x000001813c826800, 0x000001813c828000,
0x000001813c829000, 0x000001813c82a000, 0x0000018137d6e000, 0x0000018137d71800,
0x0000018137d72000, 0x0000018137d6f000, 0x0000018137d70000, 0x0000018137d73000,
0x0000018137d6d800, 0x0000018137d79800, 0x0000018137d74000, 0x0000018137d74800,
0x0000018137d77000
}

Java Threads: ( => current thread )
  0x000001811ab92000 JavaThread "main" [_thread_blocked, id=1596, stack(0x00000005ad700000,0x00000005ad800000)]
  0x00000181352c4000 JavaThread "Reference Handler" daemon [_thread_blocked, id=14320, stack(0x00000005ade00000,0x00000005adf00000)]
  0x00000181352cd000 JavaThread "Finalizer" daemon [_thread_blocked, id=18860, stack(0x00000005adf00000,0x00000005ae000000)]
  0x0000018135c42800 JavaThread "Signal Dispatcher" daemon [_thread_blocked, id=16424, stack(0x00000005ae000000,0x00000005ae100000)]
  0x00000181352db800 JavaThread "Attach Listener" daemon [_thread_blocked, id=18156, stack(0x00000005ae100000,0x00000005ae200000)]
=>0x00000181352dd000 JavaThread "C2 CompilerThread0" daemon [_thread_in_native, id=20348, stack(0x00000005ae200000,0x00000005ae300000)]
  0x00000181352e2000 JavaThread "C1 CompilerThread0" daemon [_thread_blocked, id=17064, stack(0x00000005ae300000,0x00000005ae400000)]
  0x00000181352e6000 JavaThread "Sweeper thread" daemon [_thread_blocked, id=10752, stack(0x00000005ae400000,0x00000005ae500000)]
  0x0000018135d9b000 JavaThread "Common-Cleaner" daemon [_thread_blocked, id=3636, stack(0x00000005ae500000,0x00000005ae600000)]
  0x0000018135db4000 JavaThread "Service Thread" daemon [_thread_blocked, id=1816, stack(0x00000005ae600000,0x00000005ae700000)]
  0x00000181375e7800 JavaThread "Daemon health stats" [_thread_blocked, id=21392, stack(0x00000005aeb00000,0x00000005aec00000)]
  0x0000018137c73800 JavaThread "Incoming local TCP Connector on port 62162" [_thread_in_native, id=8244, stack(0x00000005aec00000,0x00000005aed00000)]
  0x00000181370f0800 JavaThread "Daemon periodic checks" [_thread_blocked, id=10868, stack(0x00000005aed00000,0x00000005aee00000)]
  0x00000181383de800 JavaThread "Cache worker for file hash cache (C:\Users\Gopi Kishan P\.gradle\caches\6.7.1\fileHashes)" [_thread_blocked, id=1348, stack(0x00000005afe00000,0x00000005aff00000)]
  0x00000181383e0800 JavaThread "File lock request listener" [_thread_in_native, id=17200, stack(0x00000005aff00000,0x00000005b0000000)]
  0x00000181383dd800 JavaThread "Cache worker for journal cache (C:\Users\Gopi Kishan P\.gradle\caches\journal-1)" [_thread_blocked, id=21204, stack(0x00000005b0200000,0x00000005b0300000)]
  0x00000181383dc800 JavaThread "Cache worker for execution history cache (C:\Users\Gopi Kishan P\.gradle\caches\6.7.1\executionHistory)" [_thread_blocked, id=19780, stack(0x00000005b0900000,0x00000005b0a00000)]
  0x000001813c9ac800 JavaThread "Cache worker for file content cache (C:\Users\Gopi Kishan P\.gradle\caches\6.7.1\fileContent)" [_thread_blocked, id=4072, stack(0x00000005b0b00000,0x00000005b0c00000)]
  0x000001813b05b800 JavaThread "Memory manager" [_thread_blocked, id=20952, stack(0x00000005b7b00000,0x00000005b7c00000)]
  0x0000018138e53000 JavaThread "Cache worker for Java compile cache (C:\Users\Gopi Kishan P\.gradle\caches\6.7.1\javaCompile)" [_thread_blocked, id=13700, stack(0x00000005b0800000,0x00000005b0900000)]
  0x000001813c9b6800 JavaThread "ForkJoinPool.commonPool-worker-13" daemon [_thread_blocked, id=168, stack(0x00000005ba300000,0x00000005ba400000)]
  0x0000018138e4d800 JavaThread "ForkJoinPool.commonPool-worker-21" daemon [_thread_blocked, id=20068, stack(0x00000005b9100000,0x00000005b9200000)]
  0x0000018138e50000 JavaThread "ForkJoinPool.commonPool-worker-25" daemon [_thread_blocked, id=15768, stack(0x00000005b9300000,0x00000005b9400000)]
  0x000001813b059800 JavaThread "ForkJoinPool.commonPool-worker-9" daemon [_thread_blocked, id=5700, stack(0x00000005b1800000,0x00000005b1900000)]
  0x000001813c9ad800 JavaThread "ForkJoinPool.commonPool-worker-27" daemon [_thread_blocked, id=16716, stack(0x00000005b9700000,0x00000005b9800000)]
  0x000001813c3c9800 JavaThread "ForkJoinPool.commonPool-worker-11" daemon [_thread_blocked, id=16448, stack(0x00000005b9900000,0x00000005b9a00000)]
  0x000001813c3cb800 JavaThread "Daemon Thread 23" [_thread_blocked, id=1376, stack(0x00000005ae800000,0x00000005ae900000)]
  0x000001813c3cc800 JavaThread "Handler for socket connection from /127.0.0.1:62162 to /127.0.0.1:50672" [_thread_in_native, id=19092, stack(0x00000005ae900000,0x00000005aea00000)]
  0x000001813c3cb000 JavaThread "Cancel handler" [_thread_blocked, id=19400, stack(0x00000005aee00000,0x00000005aef00000)]
  0x000001813c3cd800 JavaThread "Daemon worker Thread 23" [_thread_in_Java, id=10864, stack(0x00000005af100000,0x00000005af200000)]
  0x000001813c3ce000 JavaThread "Asynchronous log dispatcher for DefaultDaemonConnection: socket connection from /127.0.0.1:62162 to /127.0.0.1:50672" [_thread_blocked, id=19620, stack(0x00000005af300000,0x00000005af400000)]
  0x000001813c3cf000 JavaThread "Stdin handler" [_thread_blocked, id=2076, stack(0x00000005af400000,0x00000005af500000)]
  0x000001813c3d0000 JavaThread "Thread-3761" [_thread_blocked, id=5384, stack(0x00000005b0300000,0x00000005b0400000)]
  0x000001813c3ca000 JavaThread "Cache worker for file hash cache (D:\College\6th sem\18CSMP68 Mobile Development Lab\Mini Project\Productify Life\.gradle\6.7.1\fileHashes)" [_thread_blocked, id=17248, stack(0x00000005b0400000,0x00000005b0500000)]
  0x000001813c3d4800 JavaThread "Cache worker for checksums cache (D:\College\6th sem\18CSMP68 Mobile Development Lab\Mini Project\Productify Life\.gradle\checksums)" [_thread_blocked, id=12680, stack(0x00000005b0500000,0x00000005b0600000)]
  0x000001813c3d4000 JavaThread "Cache worker for cache directory md-supplier (C:\Users\Gopi Kishan P\.gradle\caches\6.7.1\md-supplier)" [_thread_blocked, id=19872, stack(0x00000005b0600000,0x00000005b0700000)]
  0x000001813c3d6800 JavaThread "Cache worker for cache directory md-rule (C:\Users\Gopi Kishan P\.gradle\caches\6.7.1\md-rule)" [_thread_blocked, id=18748, stack(0x00000005b0700000,0x00000005b0800000)]
  0x000001813c3d0800 JavaThread "Cache worker for Build Output Cleanup Cache (D:\College\6th sem\18CSMP68 Mobile Development Lab\Mini Project\Productify Life\.gradle\buildOutputCleanup)" [_thread_blocked, id=18252, stack(0x00000005b0a00000,0x00000005b0b00000)]
  0x000001813c3d5800 JavaThread "Build operations" [_thread_blocked, id=16580, stack(0x00000005b0c00000,0x00000005b0d00000)]
  0x000001813c3d1800 JavaThread "Build operations Thread 2" [_thread_blocked, id=280, stack(0x00000005b0d00000,0x00000005b0e00000)]
  0x000001813c3d8000 JavaThread "Build operations Thread 3" [_thread_blocked, id=4076, stack(0x00000005b0e00000,0x00000005b0f00000)]
  0x000001813c3d2800 JavaThread "Build operations Thread 4" [_thread_blocked, id=10248, stack(0x00000005b0f00000,0x00000005b1000000)]
  0x000001813c3d3000 JavaThread "Build operations Thread 5" [_thread_blocked, id=9148, stack(0x00000005b1000000,0x00000005b1100000)]
  0x000001813c3db000 JavaThread "Build operations Thread 6" [_thread_blocked, id=908, stack(0x00000005b1100000,0x00000005b1200000)]
  0x000001813c3d9000 JavaThread "Build operations Thread 7" [_thread_blocked, id=20260, stack(0x00000005b1200000,0x00000005b1300000)]
  0x000001813c3d9800 JavaThread "Build operations Thread 8" [_thread_blocked, id=16932, stack(0x00000005b1300000,0x00000005b1400000)]
  0x000001813c3da800 JavaThread "Build operations Thread 9" [_thread_blocked, id=17368, stack(0x00000005b1400000,0x00000005b1500000)]
  0x000001813c3dc000 JavaThread "Build operations Thread 10" [_thread_blocked, id=20828, stack(0x00000005b1500000,0x00000005b1600000)]
  0x000001813c3d7000 JavaThread "Build operations Thread 11" [_thread_blocked, id=20468, stack(0x00000005b1600000,0x00000005b1700000)]
  0x000001813c3df800 JavaThread "Build operations Thread 12" [_thread_blocked, id=7532, stack(0x00000005b1700000,0x00000005b1800000)]
  0x000001813c3e1000 JavaThread "jar transforms Thread 2377" [_thread_blocked, id=19644, stack(0x00000005b1900000,0x00000005b1a00000)]
  0x000001813c3de800 JavaThread "jar transforms Thread 2378" [_thread_blocked, id=9152, stack(0x00000005b1a00000,0x00000005b1b00000)]
  0x000001813c3e2000 JavaThread "jar transforms Thread 2379" [_thread_blocked, id=13352, stack(0x00000005b1b00000,0x00000005b1c00000)]
  0x000001813c3e0000 JavaThread "jar transforms Thread 2380" [_thread_blocked, id=18848, stack(0x00000005b1c00000,0x00000005b1d00000)]
  0x000001813c3e2800 JavaThread "jar transforms Thread 2381" [_thread_blocked, id=18360, stack(0x00000005b1d00000,0x00000005b1e00000)]
  0x000001813c3dd000 JavaThread "jar transforms Thread 2382" [_thread_blocked, id=2092, stack(0x00000005b1e00000,0x00000005b1f00000)]
  0x000001813c3dd800 JavaThread "jar transforms Thread 2383" [_thread_blocked, id=11232, stack(0x00000005b1f00000,0x00000005b2000000)]
  0x000001813c3e7800 JavaThread "jar transforms Thread 2384" [_thread_blocked, id=19308, stack(0x00000005b2000000,0x00000005b2100000)]
  0x000001813c3e3800 JavaThread "jar transforms Thread 2385" [_thread_blocked, id=17916, stack(0x00000005b2100000,0x00000005b2200000)]
  0x000001813c3e8800 JavaThread "jar transforms Thread 2386" [_thread_blocked, id=2328, stack(0x00000005b2200000,0x00000005b2300000)]
  0x000001813c3e6000 JavaThread "jar transforms Thread 2387" [_thread_blocked, id=10196, stack(0x00000005b2300000,0x00000005b2400000)]
  0x000001813c3e4000 JavaThread "jar transforms Thread 2388" [_thread_blocked, id=9616, stack(0x00000005b2400000,0x00000005b2500000)]
  0x000001813c3e5000 JavaThread "jar transforms Thread 2389" [_thread_blocked, id=21088, stack(0x00000005b2500000,0x00000005b2600000)]
  0x000001813c3e6800 JavaThread "jar transforms Thread 2390" [_thread_blocked, id=18516, stack(0x00000005b2600000,0x00000005b2700000)]
  0x000001813fc2a800 JavaThread "jar transforms Thread 2391" [_thread_blocked, id=8312, stack(0x00000005b2700000,0x00000005b2800000)]
  0x000001813fc26800 JavaThread "jar transforms Thread 2392" [_thread_blocked, id=2236, stack(0x00000005b2800000,0x00000005b2900000)]
  0x000001813fc25800 JavaThread "jar transforms Thread 2393" [_thread_blocked, id=10712, stack(0x00000005b2900000,0x00000005b2a00000)]
  0x000001813fc28000 JavaThread "jar transforms Thread 2394" [_thread_blocked, id=8832, stack(0x00000005b2a00000,0x00000005b2b00000)]
  0x000001813fc27800 JavaThread "jar transforms Thread 2395" [_thread_blocked, id=1444, stack(0x00000005b2b00000,0x00000005b2c00000)]
  0x000001813fc2b800 JavaThread "jar transforms Thread 2396" [_thread_blocked, id=16516, stack(0x00000005b2c00000,0x00000005b2d00000)]
  0x000001813fc2c000 JavaThread "jar transforms Thread 2397" [_thread_blocked, id=18916, stack(0x00000005b2d00000,0x00000005b2e00000)]
  0x000001813fc2e800 JavaThread "jar transforms Thread 2398" [_thread_blocked, id=14856, stack(0x00000005b2e00000,0x00000005b2f00000)]
  0x000001813fc2d000 JavaThread "jar transforms Thread 2399" [_thread_blocked, id=4980, stack(0x00000005b2f00000,0x00000005b3000000)]
  0x000001813fc2e000 JavaThread "jar transforms Thread 2400" [_thread_blocked, id=2544, stack(0x00000005b3000000,0x00000005b3100000)]
  0x000001813fc29000 JavaThread "jar transforms Thread 2401" [_thread_blocked, id=18396, stack(0x00000005b3100000,0x00000005b3200000)]
  0x000001813fc32000 JavaThread "jar transforms Thread 2402" [_thread_blocked, id=21140, stack(0x00000005b3200000,0x00000005b3300000)]
  0x000001813fc32800 JavaThread "jar transforms Thread 2403" [_thread_blocked, id=21172, stack(0x00000005b3300000,0x00000005b3400000)]
  0x000001813fc31000 JavaThread "jar transforms Thread 2404" [_thread_blocked, id=9568, stack(0x00000005b3400000,0x00000005b3500000)]
  0x000001813fc33800 JavaThread "jar transforms Thread 2405" [_thread_blocked, id=6384, stack(0x00000005b3500000,0x00000005b3600000)]
  0x000001813fc34800 JavaThread "jar transforms Thread 2406" [_thread_blocked, id=19684, stack(0x00000005b3600000,0x00000005b3700000)]
  0x000001813fc35000 JavaThread "jar transforms Thread 2407" [_thread_blocked, id=17112, stack(0x00000005b3700000,0x00000005b3800000)]
  0x000001813fc2f800 JavaThread "jar transforms Thread 2408" [_thread_blocked, id=20200, stack(0x00000005b3800000,0x00000005b3900000)]
  0x000001813fc36000 JavaThread "jar transforms Thread 2409" [_thread_blocked, id=5548, stack(0x00000005b3900000,0x00000005b3a00000)]
  0x000001813fc30800 JavaThread "jar transforms Thread 2410" [_thread_blocked, id=1688, stack(0x00000005b3a00000,0x00000005b3b00000)]
  0x000001813fc38800 JavaThread "jar transforms Thread 2411" [_thread_blocked, id=576, stack(0x00000005b3b00000,0x00000005b3c00000)]
  0x000001813fc3c800 JavaThread "jar transforms Thread 2412" [_thread_blocked, id=6288, stack(0x00000005b3c00000,0x00000005b3d00000)]
  0x000001813fc37000 JavaThread "jar transforms Thread 2413" [_thread_blocked, id=11488, stack(0x00000005b3d00000,0x00000005b3e00000)]
  0x000001813fc3d800 JavaThread "jar transforms Thread 2414" [_thread_blocked, id=1752, stack(0x00000005b3e00000,0x00000005b3f00000)]
  0x000001813fc3b000 JavaThread "jar transforms Thread 2415" [_thread_blocked, id=16492, stack(0x00000005b3f00000,0x00000005b4000000)]
  0x000001813fc37800 JavaThread "jar transforms Thread 2416" [_thread_blocked, id=13292, stack(0x00000005b4000000,0x00000005b4100000)]
  0x000001813fc3b800 JavaThread "jar transforms Thread 2417" [_thread_blocked, id=6876, stack(0x00000005b4100000,0x00000005b4200000)]
  0x000001813fc3e000 JavaThread "jar transforms Thread 2418" [_thread_blocked, id=8304, stack(0x00000005b4200000,0x00000005b4300000)]
  0x000001813fc3f000 JavaThread "jar transforms Thread 2419" [_thread_blocked, id=7508, stack(0x00000005b4300000,0x00000005b4400000)]
  0x000001813fc3a000 JavaThread "jar transforms Thread 2420" [_thread_blocked, id=12684, stack(0x00000005b4400000,0x00000005b4500000)]
  0x000001813fc39800 JavaThread "jar transforms Thread 2421" [_thread_blocked, id=14068, stack(0x00000005b4500000,0x00000005b4600000)]
  0x000001813fc40000 JavaThread "jar transforms Thread 2422" [_thread_blocked, id=2368, stack(0x00000005b4600000,0x00000005b4700000)]
  0x000001813fc41800 JavaThread "jar transforms Thread 2423" [_thread_blocked, id=2120, stack(0x00000005b4700000,0x00000005b4800000)]
  0x000001813fc40800 JavaThread "jar transforms Thread 2424" [_thread_blocked, id=9724, stack(0x00000005b4800000,0x00000005b4900000)]
  0x000001813fc44800 JavaThread "jar transforms Thread 2425" [_thread_blocked, id=10580, stack(0x00000005b4900000,0x00000005b4a00000)]
  0x000001813fc42000 JavaThread "jar transforms Thread 2426" [_thread_blocked, id=14292, stack(0x00000005b4a00000,0x00000005b4b00000)]
  0x000001813fc43000 JavaThread "jar transforms Thread 2427" [_thread_blocked, id=2272, stack(0x00000005b4b00000,0x00000005b4c00000)]
  0x000001813fc44000 JavaThread "jar transforms Thread 2428" [_thread_blocked, id=19220, stack(0x00000005b4c00000,0x00000005b4d00000)]
  0x000001813c4ed800 JavaThread "jar transforms Thread 2429" [_thread_blocked, id=18320, stack(0x00000005b4d00000,0x00000005b4e00000)]
  0x000001813c4ea000 JavaThread "jar transforms Thread 2430" [_thread_blocked, id=1300, stack(0x00000005b4e00000,0x00000005b4f00000)]
  0x000001813c4e7800 JavaThread "jar transforms Thread 2431" [_thread_blocked, id=20772, stack(0x00000005b4f00000,0x00000005b5000000)]
  0x000001813c4eb000 JavaThread "jar transforms Thread 2432" [_thread_blocked, id=3648, stack(0x00000005b5000000,0x00000005b5100000)]
  0x000001813c4eb800 JavaThread "jar transforms Thread 2433" [_thread_blocked, id=5340, stack(0x00000005b5100000,0x00000005b5200000)]
  0x000001813c4e9800 JavaThread "jar transforms Thread 2434" [_thread_blocked, id=20748, stack(0x00000005b5200000,0x00000005b5300000)]
  0x000001813c4f0800 JavaThread "jar transforms Thread 2435" [_thread_blocked, id=21052, stack(0x00000005b5300000,0x00000005b5400000)]
  0x000001813c4ef000 JavaThread "jar transforms Thread 2436" [_thread_blocked, id=16696, stack(0x00000005b5400000,0x00000005b5500000)]
  0x000001813c4ee000 JavaThread "jar transforms Thread 2437" [_thread_blocked, id=17008, stack(0x00000005b5500000,0x00000005b5600000)]
  0x000001813c4ec800 JavaThread "jar transforms Thread 2438" [_thread_blocked, id=16440, stack(0x00000005b5600000,0x00000005b5700000)]
  0x000001813c4f4800 JavaThread "jar transforms Thread 2439" [_thread_blocked, id=18812, stack(0x00000005b5700000,0x00000005b5800000)]
  0x000001813c4f1800 JavaThread "jar transforms Thread 2440" [_thread_blocked, id=19996, stack(0x00000005b5800000,0x00000005b5900000)]
  0x000001813c4f2000 JavaThread "jar transforms Thread 2441" [_thread_blocked, id=19484, stack(0x00000005b5900000,0x00000005b5a00000)]
  0x000001813c4f3000 JavaThread "jar transforms Thread 2442" [_thread_blocked, id=20488, stack(0x00000005b5a00000,0x00000005b5b00000)]
  0x000001813c4f4000 JavaThread "jar transforms Thread 2443" [_thread_blocked, id=13024, stack(0x00000005b5b00000,0x00000005b5c00000)]
  0x000001813c4f5800 JavaThread "jar transforms Thread 2444" [_thread_blocked, id=21116, stack(0x00000005b5c00000,0x00000005b5d00000)]
  0x000001813c4f0000 JavaThread "jar transforms Thread 2445" [_thread_blocked, id=16960, stack(0x00000005b5d00000,0x00000005b5e00000)]
  0x000001813c4f6800 JavaThread "jar transforms Thread 2446" [_thread_blocked, id=3536, stack(0x00000005b5e00000,0x00000005b5f00000)]
  0x000001813c81b000 JavaThread "jar transforms Thread 2447" [_thread_blocked, id=19028, stack(0x00000005b5f00000,0x00000005b6000000)]
  0x000001813c820000 JavaThread "jar transforms Thread 2448" [_thread_blocked, id=9024, stack(0x00000005b6000000,0x00000005b6100000)]
  0x000001813c821000 JavaThread "jar transforms Thread 2449" [_thread_blocked, id=16048, stack(0x00000005b6100000,0x00000005b6200000)]
  0x000001813c821800 JavaThread "jar transforms Thread 2450" [_thread_blocked, id=2444, stack(0x00000005b6200000,0x00000005b6300000)]
  0x000001813c81c000 JavaThread "jar transforms Thread 2451" [_thread_blocked, id=19580, stack(0x00000005b6300000,0x00000005b6400000)]
  0x000001813c81d800 JavaThread "jar transforms Thread 2452" [_thread_blocked, id=18420, stack(0x00000005b6400000,0x00000005b6500000)]
  0x000001813c822800 JavaThread "jar transforms Thread 2453" [_thread_blocked, id=20612, stack(0x00000005b6500000,0x00000005b6600000)]
  0x000001813c81d000 JavaThread "jar transforms Thread 2454" [_thread_blocked, id=20924, stack(0x00000005b6600000,0x00000005b6700000)]
  0x000001813c823800 JavaThread "jar transforms Thread 2455" [_thread_blocked, id=5988, stack(0x00000005b6700000,0x00000005b6800000)]
  0x000001813c824000 JavaThread "jar transforms Thread 2456" [_thread_blocked, id=7820, stack(0x00000005b6800000,0x00000005b6900000)]
  0x000001813c81e800 JavaThread "jar transforms Thread 2457" [_thread_blocked, id=17020, stack(0x00000005b6900000,0x00000005b6a00000)]
  0x000001813c825000 JavaThread "jar transforms Thread 2458" [_thread_blocked, id=17704, stack(0x00000005b6a00000,0x00000005b6b00000)]
  0x000001813c81f000 JavaThread "jar transforms Thread 2459" [_thread_blocked, id=5172, stack(0x00000005b6b00000,0x00000005b6c00000)]
  0x000001813c827800 JavaThread "jar transforms Thread 2460" [_thread_blocked, id=17684, stack(0x00000005b6c00000,0x00000005b6d00000)]
  0x000001813c826800 JavaThread "jar transforms Thread 2461" [_thread_blocked, id=18992, stack(0x00000005b6d00000,0x00000005b6e00000)]
  0x000001813c828000 JavaThread "jar transforms Thread 2462" [_thread_blocked, id=8152, stack(0x00000005b6e00000,0x00000005b6f00000)]
  0x000001813c829000 JavaThread "jar transforms Thread 2463" [_thread_blocked, id=13112, stack(0x00000005b6f00000,0x00000005b7000000)]
  0x000001813c82a000 JavaThread "jar transforms Thread 2464" [_thread_blocked, id=4392, stack(0x00000005b7000000,0x00000005b7100000)]
  0x0000018137d6e000 JavaThread "jar transforms Thread 2465" [_thread_blocked, id=18520, stack(0x00000005b7100000,0x00000005b7200000)]
  0x0000018137d71800 JavaThread "jar transforms Thread 2466" [_thread_blocked, id=18724, stack(0x00000005b7200000,0x00000005b7300000)]
  0x0000018137d72000 JavaThread "jar transforms Thread 2467" [_thread_blocked, id=18372, stack(0x00000005b7300000,0x00000005b7400000)]
  0x0000018137d6f000 JavaThread "jar transforms Thread 2468" [_thread_blocked, id=16872, stack(0x00000005b7400000,0x00000005b7500000)]
  0x0000018137d70000 JavaThread "jar transforms Thread 2469" [_thread_blocked, id=19488, stack(0x00000005b7500000,0x00000005b7600000)]
  0x0000018137d73000 JavaThread "jar transforms Thread 2470" [_thread_blocked, id=15416, stack(0x00000005b7600000,0x00000005b7700000)]
  0x0000018137d6d800 JavaThread "jar transforms Thread 2471" [_thread_blocked, id=5184, stack(0x00000005b7700000,0x00000005b7800000)]
  0x0000018137d79800 JavaThread "jar transforms Thread 2472" [_thread_blocked, id=12252, stack(0x00000005b7800000,0x00000005b7900000)]
  0x0000018137d74000 JavaThread "jar transforms Thread 2473" [_thread_blocked, id=10036, stack(0x00000005b7900000,0x00000005b7a00000)]
  0x0000018137d74800 JavaThread "jar transforms Thread 2474" [_thread_blocked, id=14404, stack(0x00000005b7a00000,0x00000005b7b00000)]
  0x0000018137d77000 JavaThread "jar transforms Thread 2475" [_thread_blocked, id=18836, stack(0x00000005b7c00000,0x00000005b7d00000)]

Other Threads:
  0x00000181352be000 VMThread "VM Thread" [stack: 0x00000005add00000,0x00000005ade00000] [id=11388]
  0x0000018135db5000 WatcherThread [stack: 0x00000005ae700000,0x00000005ae800000] [id=21164]
  0x000001811abab000 GCTaskThread "GC Thread#0" [stack: 0x00000005ad800000,0x00000005ad900000] [id=11628]
  0x00000181369fd000 GCTaskThread "GC Thread#1" [stack: 0x00000005aea00000,0x00000005aeb00000] [id=16672]
  0x000001813707d000 GCTaskThread "GC Thread#2" [stack: 0x00000005af500000,0x00000005af600000] [id=3008]
  0x000001813874a800 GCTaskThread "GC Thread#3" [stack: 0x00000005af600000,0x00000005af700000] [id=14440]
  0x0000018138746800 GCTaskThread "GC Thread#4" [stack: 0x00000005af700000,0x00000005af800000] [id=8836]
  0x000001813874c000 GCTaskThread "GC Thread#5" [stack: 0x00000005af800000,0x00000005af900000] [id=16600]
  0x0000018138747000 GCTaskThread "GC Thread#6" [stack: 0x00000005af900000,0x00000005afa00000] [id=18004]
  0x000001813874b800 GCTaskThread "GC Thread#7" [stack: 0x00000005afa00000,0x00000005afb00000] [id=4848]
  0x000001813874d800 GCTaskThread "GC Thread#8" [stack: 0x00000005afb00000,0x00000005afc00000] [id=3272]
  0x0000018138747800 GCTaskThread "GC Thread#9" [stack: 0x00000005afc00000,0x00000005afd00000] [id=5336]
  0x000001811abdc000 ConcurrentGCThread "G1 Main Marker" [stack: 0x00000005ad900000,0x00000005ada00000] [id=1576]
  0x000001811abde000 ConcurrentGCThread "G1 Conc#0" [stack: 0x00000005ada00000,0x00000005adb00000] [id=14600]
  0x0000018138748800 ConcurrentGCThread "G1 Conc#1" [stack: 0x00000005b0000000,0x00000005b0100000] [id=13604]
  0x000001813874d000 ConcurrentGCThread "G1 Conc#2" [stack: 0x00000005b0100000,0x00000005b0200000] [id=17024]
  0x000001811ac6d800 ConcurrentGCThread "G1 Refine#0" [stack: 0x00000005adb00000,0x00000005adc00000] [id=19348]
  0x0000018138044800 ConcurrentGCThread "G1 Refine#1" [stack: 0x00000005afd00000,0x00000005afe00000] [id=32]
  0x000001813adc8000 ConcurrentGCThread "G1 Refine#2" [stack: 0x00000005ad400000,0x00000005ad500000] [id=12228]
  0x000001813d239800 ConcurrentGCThread "G1 Refine#3" [stack: 0x00000005ad500000,0x00000005ad600000] [id=6060]
  0x000001813d140800 ConcurrentGCThread "G1 Refine#4" [stack: 0x00000005ad600000,0x00000005ad700000] [id=1812]
  0x000001813fed3800 ConcurrentGCThread "G1 Refine#5" [stack: 0x00000005aef00000,0x00000005af000000] [id=8372]
  0x000001813f7c4800 ConcurrentGCThread "G1 Refine#6" [stack: 0x00000005af000000,0x00000005af100000] [id=2520]
  0x000001813f979000 ConcurrentGCThread "G1 Refine#7" [stack: 0x00000005af200000,0x00000005af300000] [id=16644]
  0x000001811ac6e800 ConcurrentGCThread "G1 Young RemSet Sampling" [stack: 0x00000005adc00000,0x00000005add00000] [id=6376]

Threads with active compile tasks:
C2 CompilerThread04825486 31127   !   4       org.codehaus.groovy.runtime.metaclass.ClosureMetaClass::invokeMethod (872 bytes)
C1 CompilerThread04825486 31134       3       java.io.InputStreamReader::<init> (30 bytes)

VM state:not at safepoint (normal execution)

VM Mutex/Monitor currently owned by a thread: None

Heap address: 0x0000000080000000, size: 2048 MB, Compressed Oops mode: 32-bit
Narrow klass base: 0x0000000000000000, Narrow klass shift: 3
Compressed class space size: 1073741824 Address: 0x0000000100000000

Heap:
 garbage-first heap   total 260096K, used 173886K [0x0000000080000000, 0x0000000100000000)
  region size 1024K, 70 young (71680K), 6 survivors (6144K)
 Metaspace       used 126466K, capacity 130631K, committed 130892K, reserved 1163264K
  class space    used 15200K, capacity 16690K, committed 16768K, reserved 1048576K
Heap Regions: E=young(eden), S=young(survivor), O=old, HS=humongous(starts), HC=humongous(continues), CS=collection set, F=free, A=archive, TAMS=top-at-mark-start (previous, next)
|   0|0x0000000080000000, 0x0000000080100000, 0x0000000080100000|100%| O|  |TAMS 0x0000000080100000, 0x0000000080000000| Complete 
|   1|0x0000000080100000, 0x0000000080200000, 0x0000000080200000|100%| O|  |TAMS 0x0000000080200000, 0x0000000080100000| Untracked 
|   2|0x0000000080200000, 0x0000000080300000, 0x0000000080300000|100%| O|  |TAMS 0x0000000080300000, 0x0000000080200000| Untracked 
|   3|0x0000000080300000, 0x0000000080400000, 0x0000000080400000|100%|HS|  |TAMS 0x0000000080400000, 0x0000000080300000| Complete 
|   4|0x0000000080400000, 0x0000000080500000, 0x0000000080500000|100%|HC|  |TAMS 0x0000000080500000, 0x0000000080400000| Complete 
|   5|0x0000000080500000, 0x0000000080600000, 0x0000000080600000|100%|HC|  |TAMS 0x0000000080600000, 0x0000000080500000| Complete 
|   6|0x0000000080600000, 0x0000000080700000, 0x0000000080700000|100%| O|  |TAMS 0x0000000080700000, 0x0000000080600000| Untracked 
|   7|0x0000000080700000, 0x0000000080800000, 0x0000000080800000|100%| O|  |TAMS 0x0000000080800000, 0x0000000080700000| Untracked 
|   8|0x0000000080800000, 0x0000000080900000, 0x0000000080900000|100%| O|  |TAMS 0x0000000080900000, 0x0000000080800000| Complete 
|   9|0x0000000080900000, 0x0000000080a00000, 0x0000000080a00000|100%| O|  |TAMS 0x0000000080a00000, 0x0000000080900000| Untracked 
|  10|0x0000000080a00000, 0x0000000080b00000, 0x0000000080b00000|100%| O|  |TAMS 0x0000000080b00000, 0x0000000080a00000| Untracked 
|  11|0x0000000080b00000, 0x0000000080c00000, 0x0000000080c00000|100%| O|  |TAMS 0x0000000080c00000, 0x0000000080b00000| Untracked 
|  12|0x0000000080c00000, 0x0000000080d00000, 0x0000000080d00000|100%| O|  |TAMS 0x0000000080d00000, 0x0000000080c00000| Untracked 
|  13|0x0000000080d00000, 0x0000000080e00000, 0x0000000080e00000|100%| O|  |TAMS 0x0000000080e00000, 0x0000000080d00000| Untracked 
|  14|0x0000000080e00000, 0x0000000080f00000, 0x0000000080f00000|100%| O|  |TAMS 0x0000000080f00000, 0x0000000080e00000| Untracked 
|  15|0x0000000080f00000, 0x0000000081000000, 0x0000000081000000|100%| O|  |TAMS 0x0000000081000000, 0x0000000080f00000| Complete 
|  16|0x0000000081000000, 0x0000000081100000, 0x0000000081100000|100%| O|  |TAMS 0x0000000081100000, 0x0000000081000000| Complete 
|  17|0x0000000081100000, 0x0000000081200000, 0x0000000081200000|100%| O|  |TAMS 0x0000000081200000, 0x0000000081100000| Complete 
|  18|0x0000000081200000, 0x0000000081300000, 0x0000000081300000|100%|HS|  |TAMS 0x0000000081200000, 0x0000000081200000| Complete 
|  19|0x0000000081300000, 0x0000000081400000, 0x0000000081400000|100%|HS|  |TAMS 0x0000000081400000, 0x0000000081300000| Complete 
|  20|0x0000000081400000, 0x0000000081500000, 0x0000000081500000|100%| O|  |TAMS 0x0000000081500000, 0x0000000081400000| Complete 
|  21|0x0000000081500000, 0x0000000081600000, 0x0000000081600000|100%| O|  |TAMS 0x0000000081600000, 0x0000000081500000| Complete 
|  22|0x0000000081600000, 0x0000000081700000, 0x0000000081700000|100%|HS|  |TAMS 0x0000000081700000, 0x0000000081600000| Complete 
|  23|0x0000000081700000, 0x0000000081800000, 0x0000000081800000|100%|HC|  |TAMS 0x0000000081800000, 0x0000000081700000| Complete 
|  24|0x0000000081800000, 0x0000000081900000, 0x0000000081900000|100%| O|  |TAMS 0x0000000081900000, 0x0000000081800000| Complete 
|  25|0x0000000081900000, 0x0000000081a00000, 0x0000000081a00000|100%| O|  |TAMS 0x0000000081a00000, 0x0000000081900000| Complete 
|  26|0x0000000081a00000, 0x0000000081a00000, 0x0000000081b00000|  0%| F|  |TAMS 0x0000000081a00000, 0x0000000081a00000| Untracked 
|  27|0x0000000081b00000, 0x0000000081c00000, 0x0000000081c00000|100%| O|  |TAMS 0x0000000081c00000, 0x0000000081b00000| Complete 
|  28|0x0000000081c00000, 0x0000000081d00000, 0x0000000081d00000|100%| O|  |TAMS 0x0000000081d00000, 0x0000000081c00000| Untracked 
|  29|0x0000000081d00000, 0x0000000081e00000, 0x0000000081e00000|100%| O|  |TAMS 0x0000000081e00000, 0x0000000081d00000| Complete 
|  30|0x0000000081e00000, 0x0000000081f00000, 0x0000000081f00000|100%| O|  |TAMS 0x0000000081f00000, 0x0000000081e00000| Complete 
|  31|0x0000000081f00000, 0x0000000082000000, 0x0000000082000000|100%| O|  |TAMS 0x0000000082000000, 0x0000000081f00000| Untracked 
|  32|0x0000000082000000, 0x0000000082100000, 0x0000000082100000|100%| O|  |TAMS 0x0000000082100000, 0x0000000082000000| Untracked 
|  33|0x0000000082100000, 0x0000000082200000, 0x0000000082200000|100%| O|  |TAMS 0x0000000082200000, 0x0000000082100000| Complete 
|  34|0x0000000082200000, 0x0000000082300000, 0x0000000082300000|100%| O|  |TAMS 0x0000000082300000, 0x0000000082200000| Untracked 
|  35|0x0000000082300000, 0x0000000082400000, 0x0000000082400000|100%| O|  |TAMS 0x0000000082400000, 0x0000000082300000| Untracked 
|  36|0x0000000082400000, 0x0000000082500000, 0x0000000082500000|100%| O|  |TAMS 0x0000000082500000, 0x0000000082400000| Complete 
|  37|0x0000000082500000, 0x0000000082600000, 0x0000000082600000|100%| O|  |TAMS 0x0000000082600000, 0x0000000082500000| Untracked 
|  38|0x0000000082600000, 0x0000000082700000, 0x0000000082700000|100%| O|  |TAMS 0x0000000082700000, 0x0000000082600000| Complete 
|  39|0x0000000082700000, 0x0000000082800000, 0x0000000082800000|100%| O|  |TAMS 0x0000000082800000, 0x0000000082700000| Untracked 
|  40|0x0000000082800000, 0x0000000082900000, 0x0000000082900000|100%| O|  |TAMS 0x0000000082900000, 0x0000000082800000| Untracked 
|  41|0x0000000082900000, 0x0000000082a00000, 0x0000000082a00000|100%| O|  |TAMS 0x0000000082a00000, 0x0000000082900000| Untracked 
|  42|0x0000000082a00000, 0x0000000082b00000, 0x0000000082b00000|100%| O|  |TAMS 0x0000000082b00000, 0x0000000082a00000| Complete 
|  43|0x0000000082b00000, 0x0000000082c00000, 0x0000000082c00000|100%| O|  |TAMS 0x0000000082c00000, 0x0000000082b00000| Complete 
|  44|0x0000000082c00000, 0x0000000082d00000, 0x0000000082d00000|100%| O|  |TAMS 0x0000000082d00000, 0x0000000082c00000| Complete 
|  45|0x0000000082d00000, 0x0000000082e00000, 0x0000000082e00000|100%| O|  |TAMS 0x0000000082e00000, 0x0000000082d00000| Complete 
|  46|0x0000000082e00000, 0x0000000082f00000, 0x0000000082f00000|100%| O|  |TAMS 0x0000000082f00000, 0x0000000082e00000| Complete 
|  47|0x0000000082f00000, 0x0000000083000000, 0x0000000083000000|100%| O|  |TAMS 0x0000000083000000, 0x0000000082f00000| Complete 
|  48|0x0000000083000000, 0x0000000083100000, 0x0000000083100000|100%| O|  |TAMS 0x0000000083100000, 0x0000000083000000| Untracked 
|  49|0x0000000083100000, 0x0000000083200000, 0x0000000083200000|100%| O|  |TAMS 0x0000000083200000, 0x0000000083100000| Untracked 
|  50|0x0000000083200000, 0x0000000083300000, 0x0000000083300000|100%| O|  |TAMS 0x0000000083300000, 0x0000000083200000| Complete 
|  51|0x0000000083300000, 0x0000000083400000, 0x0000000083400000|100%| O|  |TAMS 0x0000000083400000, 0x0000000083300000| Complete 
|  52|0x0000000083400000, 0x0000000083500000, 0x0000000083500000|100%| O|  |TAMS 0x0000000083500000, 0x0000000083400000| Complete 
|  53|0x0000000083500000, 0x0000000083500000, 0x0000000083600000|  0%| F|  |TAMS 0x0000000083500000, 0x0000000083500000| Untracked 
|  54|0x0000000083600000, 0x0000000083700000, 0x0000000083700000|100%| O|  |TAMS 0x0000000083700000, 0x0000000083600000| Complete 
|  55|0x0000000083700000, 0x0000000083800000, 0x0000000083800000|100%| O|  |TAMS 0x0000000083800000, 0x0000000083700000| Complete 
|  56|0x0000000083800000, 0x0000000083900000, 0x0000000083900000|100%| O|  |TAMS 0x0000000083900000, 0x0000000083800000| Complete 
|  57|0x0000000083900000, 0x0000000083a00000, 0x0000000083a00000|100%| O|  |TAMS 0x0000000083a00000, 0x0000000083900000| Untracked 
|  58|0x0000000083a00000, 0x0000000083b00000, 0x0000000083b00000|100%| O|  |TAMS 0x0000000083b00000, 0x0000000083a00000| Untracked 
|  59|0x0000000083b00000, 0x0000000083c00000, 0x0000000083c00000|100%| O|  |TAMS 0x0000000083c00000, 0x0000000083b00000| Untracked 
|  60|0x0000000083c00000, 0x0000000083d00000, 0x0000000083d00000|100%| O|  |TAMS 0x0000000083d00000, 0x0000000083c00000| Untracked 
|  61|0x0000000083d00000, 0x0000000083e00000, 0x0000000083e00000|100%| O|  |TAMS 0x0000000083e00000, 0x0000000083d00000| Untracked 
|  62|0x0000000083e00000, 0x0000000083f00000, 0x0000000083f00000|100%| O|  |TAMS 0x0000000083f00000, 0x0000000083e00000| Complete 
|  63|0x0000000083f00000, 0x0000000084000000, 0x0000000084000000|100%| O|  |TAMS 0x0000000084000000, 0x0000000083f00000| Untracked 
|  64|0x0000000084000000, 0x0000000084100000, 0x0000000084100000|100%| O|  |TAMS 0x0000000084100000, 0x0000000084000000| Complete 
|  65|0x0000000084100000, 0x0000000084200000, 0x0000000084200000|100%| O|  |TAMS 0x0000000084200000, 0x0000000084100000| Untracked 
|  66|0x0000000084200000, 0x0000000084300000, 0x0000000084300000|100%| O|  |TAMS 0x0000000084300000, 0x0000000084200000| Complete 
|  67|0x0000000084300000, 0x0000000084400000, 0x0000000084400000|100%| O|  |TAMS 0x0000000084400000, 0x0000000084300000| Complete 
|  68|0x0000000084400000, 0x0000000084500000, 0x0000000084500000|100%| O|  |TAMS 0x0000000084500000, 0x0000000084400000| Complete 
|  69|0x0000000084500000, 0x000000008451e400, 0x0000000084600000| 11%| O|  |TAMS 0x000000008451e400, 0x0000000084500000| Untracked 
|  70|0x0000000084600000, 0x0000000084700000, 0x0000000084700000|100%| O|  |TAMS 0x0000000084700000, 0x0000000084600000| Complete 
|  71|0x0000000084700000, 0x0000000084700000, 0x0000000084800000|  0%| F|  |TAMS 0x0000000084700000, 0x0000000084700000| Untracked 
|  72|0x0000000084800000, 0x0000000084900000, 0x0000000084900000|100%| O|  |TAMS 0x0000000084900000, 0x0000000084800000| Untracked 
|  73|0x0000000084900000, 0x0000000084a00000, 0x0000000084a00000|100%| O|  |TAMS 0x0000000084a00000, 0x0000000084900000| Complete 
|  74|0x0000000084a00000, 0x0000000084a00000, 0x0000000084b00000|  0%| F|  |TAMS 0x0000000084a00000, 0x0000000084a00000| Untracked 
|  75|0x0000000084b00000, 0x0000000084c00000, 0x0000000084c00000|100%| O|  |TAMS 0x0000000084c00000, 0x0000000084b00000| Complete 
|  76|0x0000000084c00000, 0x0000000084c00000, 0x0000000084d00000|  0%| F|  |TAMS 0x0000000084c00000, 0x0000000084c00000| Untracked 
|  77|0x0000000084d00000, 0x0000000084e00000, 0x0000000084e00000|100%| O|  |TAMS 0x0000000084e00000, 0x0000000084d00000| Complete 
|  78|0x0000000084e00000, 0x0000000084e00000, 0x0000000084f00000|  0%| F|  |TAMS 0x0000000084e00000, 0x0000000084e00000| Untracked 
|  79|0x0000000084f00000, 0x0000000085000000, 0x0000000085000000|100%| O|  |TAMS 0x0000000085000000, 0x0000000084f00000| Untracked 
|  80|0x0000000085000000, 0x0000000085100000, 0x0000000085100000|100%| O|  |TAMS 0x0000000085100000, 0x0000000085000000| Complete 
|  81|0x0000000085100000, 0x0000000085200000, 0x0000000085200000|100%|HS|  |TAMS 0x0000000085100000, 0x0000000085100000| Complete 
|  82|0x0000000085200000, 0x0000000085300000, 0x0000000085300000|100%|HC|  |TAMS 0x0000000085200000, 0x0000000085200000| Complete 
|  83|0x0000000085300000, 0x0000000085400000, 0x0000000085400000|100%|HS|  |TAMS 0x0000000085300000, 0x0000000085300000| Complete 
|  84|0x0000000085400000, 0x0000000085500000, 0x0000000085500000|100%|HC|  |TAMS 0x0000000085400000, 0x0000000085400000| Complete 
|  85|0x0000000085500000, 0x0000000085600000, 0x0000000085600000|100%| O|  |TAMS 0x0000000085600000, 0x0000000085500000| Complete 
|  86|0x0000000085600000, 0x0000000085600000, 0x0000000085700000|  0%| F|  |TAMS 0x0000000085600000, 0x0000000085600000| Untracked 
|  87|0x0000000085700000, 0x0000000085800000, 0x0000000085800000|100%| O|  |TAMS 0x0000000085800000, 0x0000000085700000| Complete 
|  88|0x0000000085800000, 0x0000000085900000, 0x0000000085900000|100%| O|  |TAMS 0x0000000085900000, 0x0000000085800000| Complete 
|  89|0x0000000085900000, 0x0000000085a00000, 0x0000000085a00000|100%| O|  |TAMS 0x0000000085a00000, 0x0000000085900000| Complete 
|  90|0x0000000085a00000, 0x0000000085a00000, 0x0000000085b00000|  0%| F|  |TAMS 0x0000000085a00000, 0x0000000085a00000| Untracked 
|  91|0x0000000085b00000, 0x0000000085c00000, 0x0000000085c00000|100%| O|  |TAMS 0x0000000085c00000, 0x0000000085b00000| Complete 
|  92|0x0000000085c00000, 0x0000000085d00000, 0x0000000085d00000|100%| O|  |TAMS 0x0000000085d00000, 0x0000000085c00000| Complete 
|  93|0x0000000085d00000, 0x0000000085e00000, 0x0000000085e00000|100%|HS|  |TAMS 0x0000000085d00000, 0x0000000085d00000| Complete 
|  94|0x0000000085e00000, 0x0000000085f00000, 0x0000000085f00000|100%|HC|  |TAMS 0x0000000085e00000, 0x0000000085e00000| Complete 
|  95|0x0000000085f00000, 0x0000000086000000, 0x0000000086000000|100%| O|  |TAMS 0x0000000086000000, 0x0000000085f00000| Complete 
|  96|0x0000000086000000, 0x0000000086100000, 0x0000000086100000|100%|HS|  |TAMS 0x0000000086000000, 0x0000000086000000| Complete 
|  97|0x0000000086100000, 0x0000000086200000, 0x0000000086200000|100%|HC|  |TAMS 0x0000000086100000, 0x0000000086100000| Complete 
|  98|0x0000000086200000, 0x0000000086300000, 0x0000000086300000|100%|HS|  |TAMS 0x0000000086200000, 0x0000000086200000| Complete 
|  99|0x0000000086300000, 0x0000000086400000, 0x0000000086400000|100%|HC|  |TAMS 0x0000000086300000, 0x0000000086300000| Complete 
| 100|0x0000000086400000, 0x0000000086500000, 0x0000000086500000|100%|HS|  |TAMS 0x0000000086400000, 0x0000000086400000| Complete 
| 101|0x0000000086500000, 0x0000000086600000, 0x0000000086600000|100%|HC|  |TAMS 0x0000000086500000, 0x0000000086500000| Complete 
| 102|0x0000000086600000, 0x0000000086700000, 0x0000000086700000|100%| O|  |TAMS 0x0000000086700000, 0x0000000086600000| Complete 
| 103|0x0000000086700000, 0x0000000086700000, 0x0000000086800000|  0%| F|  |TAMS 0x0000000086700000, 0x0000000086700000| Untracked 
| 104|0x0000000086800000, 0x0000000086800000, 0x0000000086900000|  0%| F|  |TAMS 0x0000000086800000, 0x0000000086800000| Untracked 
| 105|0x0000000086900000, 0x0000000086900000, 0x0000000086a00000|  0%| F|  |TAMS 0x0000000086900000, 0x0000000086900000| Untracked 
| 106|0x0000000086a00000, 0x0000000086a00000, 0x0000000086b00000|  0%| F|  |TAMS 0x0000000086a00000, 0x0000000086a00000| Untracked 
| 107|0x0000000086b00000, 0x0000000086b00000, 0x0000000086c00000|  0%| F|  |TAMS 0x0000000086b00000, 0x0000000086b00000| Untracked 
| 108|0x0000000086c00000, 0x0000000086c00000, 0x0000000086d00000|  0%| F|  |TAMS 0x0000000086c00000, 0x0000000086c00000| Untracked 
| 109|0x0000000086d00000, 0x0000000086d00000, 0x0000000086e00000|  0%| F|  |TAMS 0x0000000086d00000, 0x0000000086d00000| Untracked 
| 110|0x0000000086e00000, 0x0000000086e00000, 0x0000000086f00000|  0%| F|  |TAMS 0x0000000086e00000, 0x0000000086e00000| Untracked 
| 111|0x0000000086f00000, 0x0000000086f00000, 0x0000000087000000|  0%| F|  |TAMS 0x0000000086f00000, 0x0000000086f00000| Untracked 
| 112|0x0000000087000000, 0x0000000087000000, 0x0000000087100000|  0%| F|  |TAMS 0x0000000087000000, 0x0000000087000000| Untracked 
| 113|0x0000000087100000, 0x0000000087200000, 0x0000000087200000|100%| O|  |TAMS 0x0000000087200000, 0x0000000087100000| Complete 
| 114|0x0000000087200000, 0x0000000087300000, 0x0000000087300000|100%| O|  |TAMS 0x0000000087300000, 0x0000000087200000| Untracked 
| 115|0x0000000087300000, 0x0000000087300000, 0x0000000087400000|  0%| F|  |TAMS 0x0000000087300000, 0x0000000087300000| Untracked 
| 116|0x0000000087400000, 0x0000000087500000, 0x0000000087500000|100%| O|  |TAMS 0x0000000087500000, 0x0000000087400000| Untracked 
| 117|0x0000000087500000, 0x0000000087600000, 0x0000000087600000|100%| O|  |TAMS 0x0000000087600000, 0x0000000087500000| Untracked 
| 118|0x0000000087600000, 0x0000000087600000, 0x0000000087700000|  0%| F|  |TAMS 0x0000000087600000, 0x0000000087600000| Untracked 
| 119|0x0000000087700000, 0x0000000087800000, 0x0000000087800000|100%| O|  |TAMS 0x0000000087800000, 0x0000000087700000| Untracked 
| 120|0x0000000087800000, 0x0000000087900000, 0x0000000087900000|100%| O|  |TAMS 0x0000000087900000, 0x0000000087800000| Complete 
| 121|0x0000000087900000, 0x0000000087a00000, 0x0000000087a00000|100%| O|  |TAMS 0x0000000087a00000, 0x0000000087900000| Complete 
| 122|0x0000000087a00000, 0x0000000087b00000, 0x0000000087b00000|100%| O|  |TAMS 0x0000000087b00000, 0x0000000087a00000| Complete 
| 123|0x0000000087b00000, 0x0000000087b00000, 0x0000000087c00000|  0%| F|  |TAMS 0x0000000087b00000, 0x0000000087b00000| Untracked 
| 124|0x0000000087c00000, 0x0000000087c00000, 0x0000000087d00000|  0%| F|  |TAMS 0x0000000087c00000, 0x0000000087c00000| Untracked 
| 125|0x0000000087d00000, 0x0000000087d00000, 0x0000000087e00000|  0%| F|  |TAMS 0x0000000087d00000, 0x0000000087d00000| Untracked 
| 126|0x0000000087e00000, 0x0000000087e00000, 0x0000000087f00000|  0%| F|  |TAMS 0x0000000087e00000, 0x0000000087e00000| Untracked 
| 127|0x0000000087f00000, 0x0000000087f00000, 0x0000000088000000|  0%| F|  |TAMS 0x0000000087f00000, 0x0000000087f00000| Untracked 
| 128|0x0000000088000000, 0x0000000088000000, 0x0000000088100000|  0%| F|  |TAMS 0x0000000088000000, 0x0000000088000000| Untracked 
| 129|0x0000000088100000, 0x0000000088100000, 0x0000000088200000|  0%| F|  |TAMS 0x0000000088100000, 0x0000000088100000| Untracked 
| 130|0x0000000088200000, 0x0000000088200000, 0x0000000088300000|  0%| F|  |TAMS 0x0000000088200000, 0x0000000088200000| Untracked 
| 131|0x0000000088300000, 0x0000000088300000, 0x0000000088400000|  0%| F|  |TAMS 0x0000000088300000, 0x0000000088300000| Untracked 
| 132|0x0000000088400000, 0x0000000088400000, 0x0000000088500000|  0%| F|  |TAMS 0x0000000088400000, 0x0000000088400000| Untracked 
| 133|0x0000000088500000, 0x0000000088500000, 0x0000000088600000|  0%| F|  |TAMS 0x0000000088500000, 0x0000000088500000| Untracked 
| 134|0x0000000088600000, 0x0000000088600000, 0x0000000088700000|  0%| F|  |TAMS 0x0000000088600000, 0x0000000088600000| Untracked 
| 135|0x0000000088700000, 0x0000000088700000, 0x0000000088800000|  0%| F|  |TAMS 0x0000000088700000, 0x0000000088700000| Untracked 
| 136|0x0000000088800000, 0x0000000088800000, 0x0000000088900000|  0%| F|  |TAMS 0x0000000088800000, 0x0000000088800000| Untracked 
| 137|0x0000000088900000, 0x0000000088900000, 0x0000000088a00000|  0%| F|  |TAMS 0x0000000088900000, 0x0000000088900000| Untracked 
| 138|0x0000000088a00000, 0x0000000088a00000, 0x0000000088b00000|  0%| F|  |TAMS 0x0000000088a00000, 0x0000000088a00000| Untracked 
| 139|0x0000000088b00000, 0x0000000088b00000, 0x0000000088c00000|  0%| F|  |TAMS 0x0000000088b00000, 0x0000000088b00000| Untracked 
| 140|0x0000000088c00000, 0x0000000088c00000, 0x0000000088d00000|  0%| F|  |TAMS 0x0000000088c00000, 0x0000000088c00000| Untracked 
| 141|0x0000000088d00000, 0x0000000088d00000, 0x0000000088e00000|  0%| F|  |TAMS 0x0000000088d00000, 0x0000000088d00000| Untracked 
| 142|0x0000000088e00000, 0x0000000088e00000, 0x0000000088f00000|  0%| F|  |TAMS 0x0000000088e00000, 0x0000000088e00000| Untracked 
| 143|0x0000000088f00000, 0x0000000088f00000, 0x0000000089000000|  0%| F|  |TAMS 0x0000000088f00000, 0x0000000088f00000| Untracked 
| 144|0x0000000089000000, 0x0000000089000000, 0x0000000089100000|  0%| F|  |TAMS 0x0000000089000000, 0x0000000089000000| Untracked 
| 145|0x0000000089100000, 0x0000000089100000, 0x0000000089200000|  0%| F|  |TAMS 0x0000000089100000, 0x0000000089100000| Untracked 
| 146|0x0000000089200000, 0x0000000089200000, 0x0000000089300000|  0%| F|  |TAMS 0x0000000089200000, 0x0000000089200000| Untracked 
| 147|0x0000000089300000, 0x0000000089300000, 0x0000000089400000|  0%| F|  |TAMS 0x0000000089300000, 0x0000000089300000| Untracked 
| 148|0x0000000089400000, 0x0000000089400000, 0x0000000089500000|  0%| F|  |TAMS 0x0000000089400000, 0x0000000089400000| Untracked 
| 149|0x0000000089500000, 0x0000000089500000, 0x0000000089600000|  0%| F|  |TAMS 0x0000000089500000, 0x0000000089500000| Untracked 
| 150|0x0000000089600000, 0x0000000089600000, 0x0000000089700000|  0%| F|  |TAMS 0x0000000089600000, 0x0000000089600000| Untracked 
| 151|0x0000000089700000, 0x00000000897b17e8, 0x0000000089800000| 69%| S|CS|TAMS 0x0000000089700000, 0x0000000089700000| Complete 
| 152|0x0000000089800000, 0x0000000089900000, 0x0000000089900000|100%| S|CS|TAMS 0x0000000089800000, 0x0000000089800000| Complete 
| 153|0x0000000089900000, 0x0000000089a00000, 0x0000000089a00000|100%| S|CS|TAMS 0x0000000089900000, 0x0000000089900000| Complete 
| 154|0x0000000089a00000, 0x0000000089b00000, 0x0000000089b00000|100%| S|CS|TAMS 0x0000000089a00000, 0x0000000089a00000| Complete 
| 155|0x0000000089b00000, 0x0000000089c00000, 0x0000000089c00000|100%| S|CS|TAMS 0x0000000089b00000, 0x0000000089b00000| Complete 
| 156|0x0000000089c00000, 0x0000000089d00000, 0x0000000089d00000|100%| S|CS|TAMS 0x0000000089c00000, 0x0000000089c00000| Complete 
| 157|0x0000000089d00000, 0x0000000089d00000, 0x0000000089e00000|  0%| F|  |TAMS 0x0000000089d00000, 0x0000000089d00000| Untracked 
| 158|0x0000000089e00000, 0x0000000089e00000, 0x0000000089f00000|  0%| F|  |TAMS 0x0000000089e00000, 0x0000000089e00000| Untracked 
| 159|0x0000000089f00000, 0x0000000089f00000, 0x000000008a000000|  0%| F|  |TAMS 0x0000000089f00000, 0x0000000089f00000| Untracked 
| 160|0x000000008a000000, 0x000000008a000000, 0x000000008a100000|  0%| F|  |TAMS 0x000000008a000000, 0x000000008a000000| Untracked 
| 161|0x000000008a100000, 0x000000008a100000, 0x000000008a200000|  0%| F|  |TAMS 0x000000008a100000, 0x000000008a100000| Untracked 
| 162|0x000000008a200000, 0x000000008a200000, 0x000000008a300000|  0%| F|  |TAMS 0x000000008a200000, 0x000000008a200000| Untracked 
| 163|0x000000008a300000, 0x000000008a300000, 0x000000008a400000|  0%| F|  |TAMS 0x000000008a300000, 0x000000008a300000| Untracked 
| 164|0x000000008a400000, 0x000000008a400000, 0x000000008a500000|  0%| F|  |TAMS 0x000000008a400000, 0x000000008a400000| Untracked 
| 165|0x000000008a500000, 0x000000008a500000, 0x000000008a600000|  0%| F|  |TAMS 0x000000008a500000, 0x000000008a500000| Untracked 
| 166|0x000000008a600000, 0x000000008a600000, 0x000000008a700000|  0%| F|  |TAMS 0x000000008a600000, 0x000000008a600000| Untracked 
| 167|0x000000008a700000, 0x000000008a700000, 0x000000008a800000|  0%| F|  |TAMS 0x000000008a700000, 0x000000008a700000| Untracked 
| 168|0x000000008a800000, 0x000000008a800000, 0x000000008a900000|  0%| F|  |TAMS 0x000000008a800000, 0x000000008a800000| Untracked 
| 169|0x000000008a900000, 0x000000008a900000, 0x000000008aa00000|  0%| F|  |TAMS 0x000000008a900000, 0x000000008a900000| Untracked 
| 170|0x000000008aa00000, 0x000000008aa00000, 0x000000008ab00000|  0%| F|  |TAMS 0x000000008aa00000, 0x000000008aa00000| Untracked 
| 171|0x000000008ab00000, 0x000000008ab00000, 0x000000008ac00000|  0%| F|  |TAMS 0x000000008ab00000, 0x000000008ab00000| Untracked 
| 172|0x000000008ac00000, 0x000000008ac00000, 0x000000008ad00000|  0%| F|  |TAMS 0x000000008ac00000, 0x000000008ac00000| Untracked 
| 173|0x000000008ad00000, 0x000000008ad00000, 0x000000008ae00000|  0%| F|  |TAMS 0x000000008ad00000, 0x000000008ad00000| Untracked 
| 174|0x000000008ae00000, 0x000000008ae00000, 0x000000008af00000|  0%| F|  |TAMS 0x000000008ae00000, 0x000000008ae00000| Untracked 
| 175|0x000000008af00000, 0x000000008af00000, 0x000000008b000000|  0%| F|  |TAMS 0x000000008af00000, 0x000000008af00000| Untracked 
| 176|0x000000008b000000, 0x000000008b000000, 0x000000008b100000|  0%| F|  |TAMS 0x000000008b000000, 0x000000008b000000| Untracked 
| 177|0x000000008b100000, 0x000000008b100000, 0x000000008b200000|  0%| F|  |TAMS 0x000000008b100000, 0x000000008b100000| Untracked 
| 178|0x000000008b200000, 0x000000008b200000, 0x000000008b300000|  0%| F|  |TAMS 0x000000008b200000, 0x000000008b200000| Untracked 
| 179|0x000000008b300000, 0x000000008b300000, 0x000000008b400000|  0%| F|  |TAMS 0x000000008b300000, 0x000000008b300000| Untracked 
| 180|0x000000008b400000, 0x000000008b400000, 0x000000008b500000|  0%| F|  |TAMS 0x000000008b400000, 0x000000008b400000| Untracked 
| 181|0x000000008b500000, 0x000000008b500000, 0x000000008b600000|  0%| F|  |TAMS 0x000000008b500000, 0x000000008b500000| Untracked 
| 182|0x000000008b600000, 0x000000008b600000, 0x000000008b700000|  0%| F|  |TAMS 0x000000008b600000, 0x000000008b600000| Untracked 
| 183|0x000000008b700000, 0x000000008b700000, 0x000000008b800000|  0%| F|  |TAMS 0x000000008b700000, 0x000000008b700000| Untracked 
| 184|0x000000008b800000, 0x000000008b800000, 0x000000008b900000|  0%| F|  |TAMS 0x000000008b800000, 0x000000008b800000| Untracked 
| 185|0x000000008b900000, 0x000000008b900000, 0x000000008ba00000|  0%| F|  |TAMS 0x000000008b900000, 0x000000008b900000| Untracked 
| 186|0x000000008ba00000, 0x000000008ba00000, 0x000000008bb00000|  0%| F|  |TAMS 0x000000008ba00000, 0x000000008ba00000| Untracked 
| 187|0x000000008bb00000, 0x000000008bb00000, 0x000000008bc00000|  0%| F|  |TAMS 0x000000008bb00000, 0x000000008bb00000| Untracked 
| 188|0x000000008bc00000, 0x000000008bc00000, 0x000000008bd00000|  0%| F|  |TAMS 0x000000008bc00000, 0x000000008bc00000| Untracked 
| 189|0x000000008bd00000, 0x000000008bd00000, 0x000000008be00000|  0%| F|  |TAMS 0x000000008bd00000, 0x000000008bd00000| Untracked 
| 190|0x000000008be00000, 0x000000008bf00000, 0x000000008bf00000|100%| E|  |TAMS 0x000000008be00000, 0x000000008be00000| Complete 
| 191|0x000000008bf00000, 0x000000008c000000, 0x000000008c000000|100%| E|CS|TAMS 0x000000008bf00000, 0x000000008bf00000| Complete 
| 192|0x000000008c000000, 0x000000008c100000, 0x000000008c100000|100%| E|CS|TAMS 0x000000008c000000, 0x000000008c000000| Complete 
| 193|0x000000008c100000, 0x000000008c200000, 0x000000008c200000|100%| E|CS|TAMS 0x000000008c100000, 0x000000008c100000| Complete 
| 194|0x000000008c200000, 0x000000008c300000, 0x000000008c300000|100%| E|CS|TAMS 0x000000008c200000, 0x000000008c200000| Complete 
| 195|0x000000008c300000, 0x000000008c400000, 0x000000008c400000|100%| E|CS|TAMS 0x000000008c300000, 0x000000008c300000| Complete 
| 196|0x000000008c400000, 0x000000008c500000, 0x000000008c500000|100%| E|CS|TAMS 0x000000008c400000, 0x000000008c400000| Complete 
| 197|0x000000008c500000, 0x000000008c600000, 0x000000008c600000|100%| E|CS|TAMS 0x000000008c500000, 0x000000008c500000| Complete 
| 198|0x000000008c600000, 0x000000008c700000, 0x000000008c700000|100%| E|CS|TAMS 0x000000008c600000, 0x000000008c600000| Complete 
| 199|0x000000008c700000, 0x000000008c800000, 0x000000008c800000|100%| E|CS|TAMS 0x000000008c700000, 0x000000008c700000| Complete 
| 200|0x000000008c800000, 0x000000008c900000, 0x000000008c900000|100%| E|CS|TAMS 0x000000008c800000, 0x000000008c800000| Complete 
| 201|0x000000008c900000, 0x000000008ca00000, 0x000000008ca00000|100%| E|CS|TAMS 0x000000008c900000, 0x000000008c900000| Complete 
| 202|0x000000008ca00000, 0x000000008cb00000, 0x000000008cb00000|100%| E|CS|TAMS 0x000000008ca00000, 0x000000008ca00000| Complete 
| 203|0x000000008cb00000, 0x000000008cc00000, 0x000000008cc00000|100%| E|CS|TAMS 0x000000008cb00000, 0x000000008cb00000| Complete 
| 204|0x000000008cc00000, 0x000000008cd00000, 0x000000008cd00000|100%| E|CS|TAMS 0x000000008cc00000, 0x000000008cc00000| Complete 
| 205|0x000000008cd00000, 0x000000008ce00000, 0x000000008ce00000|100%| E|CS|TAMS 0x000000008cd00000, 0x000000008cd00000| Complete 
| 206|0x000000008ce00000, 0x000000008cf00000, 0x000000008cf00000|100%| E|CS|TAMS 0x000000008ce00000, 0x000000008ce00000| Complete 
| 207|0x000000008cf00000, 0x000000008d000000, 0x000000008d000000|100%| E|CS|TAMS 0x000000008cf00000, 0x000000008cf00000| Complete 
| 208|0x000000008d000000, 0x000000008d100000, 0x000000008d100000|100%| E|CS|TAMS 0x000000008d000000, 0x000000008d000000| Complete 
| 209|0x000000008d100000, 0x000000008d200000, 0x000000008d200000|100%| E|  |TAMS 0x000000008d100000, 0x000000008d100000| Complete 
| 210|0x000000008d200000, 0x000000008d300000, 0x000000008d300000|100%| E|CS|TAMS 0x000000008d200000, 0x000000008d200000| Complete 
| 211|0x000000008d300000, 0x000000008d400000, 0x000000008d400000|100%| E|CS|TAMS 0x000000008d300000, 0x000000008d300000| Complete 
| 212|0x000000008d400000, 0x000000008d500000, 0x000000008d500000|100%| E|CS|TAMS 0x000000008d400000, 0x000000008d400000| Complete 
| 213|0x000000008d500000, 0x000000008d600000, 0x000000008d600000|100%| E|CS|TAMS 0x000000008d500000, 0x000000008d500000| Complete 
| 214|0x000000008d600000, 0x000000008d700000, 0x000000008d700000|100%| E|CS|TAMS 0x000000008d600000, 0x000000008d600000| Complete 
| 215|0x000000008d700000, 0x000000008d800000, 0x000000008d800000|100%| E|CS|TAMS 0x000000008d700000, 0x000000008d700000| Complete 
| 216|0x000000008d800000, 0x000000008d900000, 0x000000008d900000|100%| E|CS|TAMS 0x000000008d800000, 0x000000008d800000| Complete 
| 217|0x000000008d900000, 0x000000008da00000, 0x000000008da00000|100%| E|CS|TAMS 0x000000008d900000, 0x000000008d900000| Complete 
| 218|0x000000008da00000, 0x000000008db00000, 0x000000008db00000|100%| E|CS|TAMS 0x000000008da00000, 0x000000008da00000| Complete 
| 219|0x000000008db00000, 0x000000008dc00000, 0x000000008dc00000|100%| E|CS|TAMS 0x000000008db00000, 0x000000008db00000| Complete 
| 220|0x000000008dc00000, 0x000000008dd00000, 0x000000008dd00000|100%| E|CS|TAMS 0x000000008dc00000, 0x000000008dc00000| Complete 
| 221|0x000000008dd00000, 0x000000008de00000, 0x000000008de00000|100%| E|CS|TAMS 0x000000008dd00000, 0x000000008dd00000| Complete 
| 222|0x000000008de00000, 0x000000008df00000, 0x000000008df00000|100%| E|CS|TAMS 0x000000008de00000, 0x000000008de00000| Complete 
| 223|0x000000008df00000, 0x000000008e000000, 0x000000008e000000|100%| E|CS|TAMS 0x000000008df00000, 0x000000008df00000| Complete 
| 224|0x000000008e000000, 0x000000008e100000, 0x000000008e100000|100%| E|CS|TAMS 0x000000008e000000, 0x000000008e000000| Complete 
| 225|0x000000008e100000, 0x000000008e200000, 0x000000008e200000|100%| E|CS|TAMS 0x000000008e100000, 0x000000008e100000| Complete 
| 226|0x000000008e200000, 0x000000008e300000, 0x000000008e300000|100%| E|CS|TAMS 0x000000008e200000, 0x000000008e200000| Complete 
| 227|0x000000008e300000, 0x000000008e400000, 0x000000008e400000|100%| E|CS|TAMS 0x000000008e300000, 0x000000008e300000| Complete 
| 228|0x000000008e400000, 0x000000008e500000, 0x000000008e500000|100%| E|CS|TAMS 0x000000008e400000, 0x000000008e400000| Complete 
| 229|0x000000008e500000, 0x000000008e600000, 0x000000008e600000|100%| E|CS|TAMS 0x000000008e500000, 0x000000008e500000| Complete 
| 230|0x000000008e600000, 0x000000008e700000, 0x000000008e700000|100%| E|CS|TAMS 0x000000008e600000, 0x000000008e600000| Complete 
| 231|0x000000008e700000, 0x000000008e800000, 0x000000008e800000|100%| E|CS|TAMS 0x000000008e700000, 0x000000008e700000| Complete 
| 232|0x000000008e800000, 0x000000008e900000, 0x000000008e900000|100%| E|CS|TAMS 0x000000008e800000, 0x000000008e800000| Complete 
| 233|0x000000008e900000, 0x000000008ea00000, 0x000000008ea00000|100%| E|CS|TAMS 0x000000008e900000, 0x000000008e900000| Complete 
| 234|0x000000008ea00000, 0x000000008eb00000, 0x000000008eb00000|100%| E|CS|TAMS 0x000000008ea00000, 0x000000008ea00000| Complete 
| 235|0x000000008eb00000, 0x000000008ec00000, 0x000000008ec00000|100%| E|CS|TAMS 0x000000008eb00000, 0x000000008eb00000| Complete 
| 236|0x000000008ec00000, 0x000000008ed00000, 0x000000008ed00000|100%| E|CS|TAMS 0x000000008ec00000, 0x000000008ec00000| Complete 
| 237|0x000000008ed00000, 0x000000008ee00000, 0x000000008ee00000|100%| E|CS|TAMS 0x000000008ed00000, 0x000000008ed00000| Complete 
| 238|0x000000008ee00000, 0x000000008ef00000, 0x000000008ef00000|100%| E|CS|TAMS 0x000000008ee00000, 0x000000008ee00000| Complete 
| 239|0x000000008ef00000, 0x000000008f000000, 0x000000008f000000|100%| E|CS|TAMS 0x000000008ef00000, 0x000000008ef00000| Complete 
| 240|0x000000008f000000, 0x000000008f100000, 0x000000008f100000|100%| E|CS|TAMS 0x000000008f000000, 0x000000008f000000| Complete 
| 241|0x000000008f100000, 0x000000008f200000, 0x000000008f200000|100%| E|CS|TAMS 0x000000008f100000, 0x000000008f100000| Complete 
| 242|0x000000008f200000, 0x000000008f300000, 0x000000008f300000|100%| E|CS|TAMS 0x000000008f200000, 0x000000008f200000| Complete 
| 243|0x000000008f300000, 0x000000008f400000, 0x000000008f400000|100%| E|CS|TAMS 0x000000008f300000, 0x000000008f300000| Complete 
| 244|0x000000008f400000, 0x000000008f500000, 0x000000008f500000|100%| E|CS|TAMS 0x000000008f400000, 0x000000008f400000| Complete 
| 245|0x000000008f500000, 0x000000008f600000, 0x000000008f600000|100%| E|CS|TAMS 0x000000008f500000, 0x000000008f500000| Complete 
| 246|0x000000008f600000, 0x000000008f700000, 0x000000008f700000|100%| E|CS|TAMS 0x000000008f600000, 0x000000008f600000| Complete 
| 247|0x000000008f700000, 0x000000008f800000, 0x000000008f800000|100%| E|CS|TAMS 0x000000008f700000, 0x000000008f700000| Complete 
| 248|0x000000008f800000, 0x000000008f900000, 0x000000008f900000|100%| E|CS|TAMS 0x000000008f800000, 0x000000008f800000| Complete 
| 249|0x000000008f900000, 0x000000008fa00000, 0x000000008fa00000|100%| E|CS|TAMS 0x000000008f900000, 0x000000008f900000| Complete 
| 250|0x000000008fa00000, 0x000000008fb00000, 0x000000008fb00000|100%| E|CS|TAMS 0x000000008fa00000, 0x000000008fa00000| Complete 
| 251|0x000000008fb00000, 0x000000008fc00000, 0x000000008fc00000|100%| E|CS|TAMS 0x000000008fb00000, 0x000000008fb00000| Complete 
| 252|0x000000008fc00000, 0x000000008fd00000, 0x000000008fd00000|100%| E|CS|TAMS 0x000000008fc00000, 0x000000008fc00000| Complete 
| 253|0x000000008fd00000, 0x000000008fe00000, 0x000000008fe00000|100%| E|CS|TAMS 0x000000008fd00000, 0x000000008fd00000| Complete 

Card table byte_map: [0x000001812de60000,0x000001812e260000] _byte_map_base: 0x000001812da60000

Marking Bits (Prev, Next): (CMBitMap*) 0x000001811abd2f48, (CMBitMap*) 0x000001811abd2f80
 Prev Bits: [0x000001812e660000, 0x0000018130660000)
 Next Bits: [0x0000018130660000, 0x0000018132660000)

Polling page: 0x000001811a370000

Metaspace:

Usage:
  Non-class:    111.27 MB capacity,   108.66 MB ( 98%) used,     2.15 MB (  2%) free+waste,   472.56 KB ( <1%) overhead. 
      Class:     16.30 MB capacity,    14.84 MB ( 91%) used,     1.25 MB (  8%) free+waste,   207.19 KB (  1%) overhead. 
       Both:    127.57 MB capacity,   123.50 MB ( 97%) used,     3.40 MB (  3%) free+waste,   679.75 KB ( <1%) overhead. 

Virtual space:
  Non-class space:      112.00 MB reserved,     111.45 MB (>99%) committed 
      Class space:        1.00 GB reserved,      16.38 MB (  2%) committed 
             Both:        1.11 GB reserved,     127.82 MB ( 11%) committed 

Chunk freelists:
   Non-Class:  55.00 KB
       Class:  14.00 KB
        Both:  69.00 KB

MaxMetaspaceSize: 17179869184.00 GB
CompressedClassSpaceSize: 1.00 GB

CodeHeap 'non-profiled nmethods': size=120000Kb used=21212Kb max_used=22002Kb free=98787Kb
 bounds [0x0000018125fe0000, 0x0000018127570000, 0x000001812d510000]
CodeHeap 'profiled nmethods': size=120000Kb used=43406Kb max_used=43429Kb free=76593Kb
 bounds [0x000001811eab0000, 0x0000018121590000, 0x0000018125fe0000]
CodeHeap 'non-nmethods': size=5760Kb used=2326Kb max_used=2402Kb free=3433Kb
 bounds [0x000001811e510000, 0x000001811e780000, 0x000001811eab0000]
 total_blobs=24164 nmethods=23225 adapters=848
 compilation: enabled
              stopped_count=0, restarted_count=0
 full_count=0

Compilation events (20 events):
Event: 4824.280 Thread 0x00000181352dd000 nmethod 31117 0x000001812698bc10 code [0x000001812698c040, 0x0000018126990148]
Event: 4824.281 Thread 0x00000181352dd000 31119       4       org.gradle.api.internal.artifacts.ivyservice.resolveengine.graph.builder.NodeState::cacheDependencyStates (68 bytes)
Event: 4824.338 Thread 0x00000181352dd000 nmethod 31119 0x000001812673cc90 code [0x000001812673cea0, 0x000001812673db48]
Event: 4824.338 Thread 0x00000181352dd000 31122       4       com.google.common.collect.ObjectArrays::checkElementsNotNull (7 bytes)
Event: 4824.341 Thread 0x00000181352dd000 nmethod 31122 0x0000018126594b90 code [0x0000018126594d20, 0x0000018126594df8]
Event: 4824.513 Thread 0x00000181352e2000 31123       3       java.util.TreeSet::<init> (11 bytes)
Event: 4824.516 Thread 0x00000181352e2000 nmethod 31123 0x0000018120dcc090 code [0x0000018120dcc2a0, 0x0000018120dcc7a8]
Event: 4824.552 Thread 0x00000181352e2000 31124       3       com.google.common.base.Strings::isNullOrEmpty (5 bytes)
Event: 4824.555 Thread 0x00000181352e2000 nmethod 31124 0x00000181207fad90 code [0x00000181207faf60, 0x00000181207fb1f8]
Event: 4824.721 Thread 0x00000181352dd000 31125   !   4       org.gradle.internal.snapshot.impl.DefaultValueSnapshotter::isolate (24 bytes)
Event: 4824.749 Thread 0x00000181352dd000 nmethod 31125 0x0000018126594790 code [0x0000018126594940, 0x0000018126594a48]
Event: 4824.776 Thread 0x00000181352dd000 31126       4       com.google.gson.TypeAdapter::<init> (5 bytes)
Event: 4824.779 Thread 0x00000181352dd000 nmethod 31126 0x0000018126594510 code [0x00000181265946a0, 0x00000181265946f8]
Event: 4824.874 Thread 0x00000181352dd000 31127   !   4       org.codehaus.groovy.runtime.metaclass.ClosureMetaClass::invokeMethod (872 bytes)
Event: 4825.086 Thread 0x00000181352e2000 31130       3       java.util.stream.Collectors::uniqKeysMapAccumulator (8 bytes)
Event: 4825.088 Thread 0x00000181352e2000 nmethod 31130 0x0000018120953d90 code [0x0000018120953f80, 0x0000018120954438]
Event: 4825.095 Thread 0x00000181352e2000 31131       3       java.util.stream.Collectors::toMap (24 bytes)
Event: 4825.099 Thread 0x00000181352e2000 nmethod 31131 0x00000181211e0510 code [0x00000181211e0780, 0x00000181211e1268]
Event: 4825.295 Thread 0x00000181352e2000 31133   !   3       org.gradle.api.internal.artifacts.ivyservice.resolveengine.result.StreamingResolutionResultBuilder$RootFactory::deserialize (382 bytes)
Event: 4825.344 Thread 0x00000181352e2000 nmethod 31133 0x00000181211d8290 code [0x00000181211d8ac0, 0x00000181211de098]

GC Heap History (20 events):
Event: 4364.437 GC heap before
{Heap before GC invocations=303 (full 0):
 garbage-first heap   total 260096K, used 133494K [0x0000000080000000, 0x0000000100000000)
  region size 1024K, 35 young (35840K), 2 survivors (2048K)
 Metaspace       used 126349K, capacity 130564K, committed 130892K, reserved 1163264K
  class space    used 15199K, capacity 16690K, committed 16768K, reserved 1048576K
}
Event: 4364.457 GC heap after
{Heap after GC invocations=304 (full 0):
 garbage-first heap   total 260096K, used 119931K [0x0000000080000000, 0x0000000100000000)
  region size 1024K, 13 young (13312K), 13 survivors (13312K)
 Metaspace       used 126349K, capacity 130564K, committed 130892K, reserved 1163264K
  class space    used 15199K, capacity 16690K, committed 16768K, reserved 1048576K
}
Event: 4364.702 GC heap before
{Heap before GC invocations=305 (full 0):
 garbage-first heap   total 260096K, used 200827K [0x0000000080000000, 0x0000000100000000)
  region size 1024K, 75 young (76800K), 13 survivors (13312K)
 Metaspace       used 126384K, capacity 130629K, committed 130892K, reserved 1163264K
  class space    used 15199K, capacity 16690K, committed 16768K, reserved 1048576K
}
Event: 4364.722 GC heap after
{Heap after GC invocations=306 (full 0):
 garbage-first heap   total 260096K, used 120372K [0x0000000080000000, 0x0000000100000000)
  region size 1024K, 3 young (3072K), 3 survivors (3072K)
 Metaspace       used 126384K, capacity 130629K, committed 130892K, reserved 1163264K
  class space    used 15199K, capacity 16690K, committed 16768K, reserved 1048576K
}
Event: 4364.741 GC heap before
{Heap before GC invocations=306 (full 0):
 garbage-first heap   total 260096K, used 128564K [0x0000000080000000, 0x0000000100000000)
  region size 1024K, 12 young (12288K), 3 survivors (3072K)
 Metaspace       used 126385K, capacity 130629K, committed 130892K, reserved 1163264K
  class space    used 15199K, capacity 16690K, committed 16768K, reserved 1048576K
}
Event: 4364.753 GC heap after
{Heap after GC invocations=307 (full 0):
 garbage-first heap   total 260096K, used 113506K [0x0000000080000000, 0x0000000100000000)
  region size 1024K, 1 young (1024K), 1 survivors (1024K)
 Metaspace       used 126385K, capacity 130629K, committed 130892K, reserved 1163264K
  class space    used 15199K, capacity 16690K, committed 16768K, reserved 1048576K
}
Event: 4365.854 GC heap before
{Heap before GC invocations=307 (full 0):
 garbage-first heap   total 260096K, used 183138K [0x0000000080000000, 0x0000000100000000)
  region size 1024K, 70 young (71680K), 1 survivors (1024K)
 Metaspace       used 126388K, capacity 130629K, committed 130892K, reserved 1163264K
  class space    used 15199K, capacity 16690K, committed 16768K, reserved 1048576K
}
Event: 4365.861 GC heap after
{Heap after GC invocations=308 (full 0):
 garbage-first heap   total 260096K, used 118438K [0x0000000080000000, 0x0000000100000000)
  region size 1024K, 6 young (6144K), 6 survivors (6144K)
 Metaspace       used 126388K, capacity 130629K, committed 130892K, reserved 1163264K
  class space    used 15199K, capacity 16690K, committed 16768K, reserved 1048576K
}
Event: 4476.757 GC heap before
{Heap before GC invocations=309 (full 0):
 garbage-first heap   total 260096K, used 189094K [0x0000000080000000, 0x0000000100000000)
  region size 1024K, 76 young (77824K), 6 survivors (6144K)
 Metaspace       used 126420K, capacity 130631K, committed 130892K, reserved 1163264K
  class space    used 15199K, capacity 16690K, committed 16768K, reserved 1048576K
}
Event: 4476.765 GC heap after
{Heap after GC invocations=310 (full 0):
 garbage-first heap   total 260096K, used 103659K [0x0000000080000000, 0x0000000100000000)
  region size 1024K, 4 young (4096K), 4 survivors (4096K)
 Metaspace       used 126420K, capacity 130631K, committed 130892K, reserved 1163264K
  class space    used 15199K, capacity 16690K, committed 16768K, reserved 1048576K
}
Event: 4476.876 GC heap before
{Heap before GC invocations=310 (full 0):
 garbage-first heap   total 260096K, used 111851K [0x0000000080000000, 0x0000000100000000)
  region size 1024K, 12 young (12288K), 4 survivors (4096K)
 Metaspace       used 126424K, capacity 130631K, committed 130892K, reserved 1163264K
  class space    used 15199K, capacity 16690K, committed 16768K, reserved 1048576K
}
Event: 4476.886 GC heap after
{Heap after GC invocations=311 (full 0):
 garbage-first heap   total 260096K, used 95670K [0x0000000080000000, 0x0000000100000000)
  region size 1024K, 2 young (2048K), 2 survivors (2048K)
 Metaspace       used 126424K, capacity 130631K, committed 130892K, reserved 1163264K
  class space    used 15199K, capacity 16690K, committed 16768K, reserved 1048576K
}
Event: 4477.039 GC heap before
{Heap before GC invocations=311 (full 0):
 garbage-first heap   total 260096K, used 147894K [0x0000000080000000, 0x0000000100000000)
  region size 1024K, 55 young (56320K), 2 survivors (2048K)
 Metaspace       used 126425K, capacity 130631K, committed 130892K, reserved 1163264K
  class space    used 15199K, capacity 16690K, committed 16768K, reserved 1048576K
}
Event: 4477.049 GC heap after
{Heap after GC invocations=312 (full 0):
 garbage-first heap   total 260096K, used 97167K [0x0000000080000000, 0x0000000100000000)
  region size 1024K, 4 young (4096K), 4 survivors (4096K)
 Metaspace       used 126425K, capacity 130631K, committed 130892K, reserved 1163264K
  class space    used 15199K, capacity 16690K, committed 16768K, reserved 1048576K
}
Event: 4477.426 GC heap before
{Heap before GC invocations=313 (full 0):
 garbage-first heap   total 260096K, used 206735K [0x0000000080000000, 0x0000000100000000)
  region size 1024K, 92 young (94208K), 4 survivors (4096K)
 Metaspace       used 126444K, capacity 130631K, committed 130892K, reserved 1163264K
  class space    used 15199K, capacity 16690K, committed 16768K, reserved 1048576K
}
Event: 4477.435 GC heap after
{Heap after GC invocations=314 (full 0):
 garbage-first heap   total 260096K, used 98602K [0x0000000080000000, 0x0000000100000000)
  region size 1024K, 5 young (5120K), 5 survivors (5120K)
 Metaspace       used 126444K, capacity 130631K, committed 130892K, reserved 1163264K
  class space    used 15199K, capacity 16690K, committed 16768K, reserved 1048576K
}
Event: 4477.446 GC heap before
{Heap before GC invocations=314 (full 0):
 garbage-first heap   total 260096K, used 104746K [0x0000000080000000, 0x0000000100000000)
  region size 1024K, 12 young (12288K), 5 survivors (5120K)
 Metaspace       used 126444K, capacity 130631K, committed 130892K, reserved 1163264K
  class space    used 15199K, capacity 16690K, committed 16768K, reserved 1048576K
}
Event: 4477.462 GC heap after
{Heap after GC invocations=315 (full 0):
 garbage-first heap   total 260096K, used 92055K [0x0000000080000000, 0x0000000100000000)
  region size 1024K, 1 young (1024K), 1 survivors (1024K)
 Metaspace       used 126444K, capacity 130631K, committed 130892K, reserved 1163264K
  class space    used 15199K, capacity 16690K, committed 16768K, reserved 1048576K
}
Event: 4478.586 GC heap before
{Heap before GC invocations=315 (full 0):
 garbage-first heap   total 260096K, used 189335K [0x0000000080000000, 0x0000000100000000)
  region size 1024K, 97 young (99328K), 1 survivors (1024K)
 Metaspace       used 126446K, capacity 130631K, committed 130892K, reserved 1163264K
  class space    used 15199K, capacity 16690K, committed 16768K, reserved 1048576K
}
Event: 4478.594 GC heap after
{Heap after GC invocations=316 (full 0):
 garbage-first heap   total 260096K, used 97086K [0x0000000080000000, 0x0000000100000000)
  region size 1024K, 6 young (6144K), 6 survivors (6144K)
 Metaspace       used 126446K, capacity 130631K, committed 130892K, reserved 1163264K
  class space    used 15199K, capacity 16690K, committed 16768K, reserved 1048576K
}

Deoptimization events (20 events):
Event: 4363.840 Thread 0x000001813b04e800 DEOPT PACKING pc=0x00000181274f8308 sp=0x00000005af1f9740
Event: 4363.840 Thread 0x000001813b04e800 DEOPT UNPACKING pc=0x000001811e5374af sp=0x00000005af1f9730 mode 2
Event: 4363.848 Thread 0x000001813b04e800 Uncommon trap: trap_request=0xffffffbe fr.pc=0x00000181274f8308 relative=0x0000000000000cc8
Event: 4363.848 Thread 0x000001813b04e800 Uncommon trap: reason=profile_predicate action=maybe_recompile pc=0x00000181274f8308 method=org.gradle.api.internal.artifacts.ivyservice.resolveengine.graph.builder.DependencyGraphBuilder.performSelectionSerially(Ljava/util/List;Lorg/gradle/api/specs/Spec
Event: 4363.848 Thread 0x000001813b04e800 DEOPT PACKING pc=0x00000181274f8308 sp=0x00000005af1f9740
Event: 4363.848 Thread 0x000001813b04e800 DEOPT UNPACKING pc=0x000001811e5374af sp=0x00000005af1f9730 mode 2
Event: 4364.252 Thread 0x000001813c9b2800 DEOPT PACKING pc=0x0000018120e6bb83 sp=0x00000005b87fbf50
Event: 4364.252 Thread 0x000001813c9b2800 DEOPT UNPACKING pc=0x000001811e5372ce sp=0x00000005b87fb4b8 mode 0
Event: 4364.272 Thread 0x000001813c9b2800 DEOPT PACKING pc=0x0000018120e6c90d sp=0x00000005b87fc330
Event: 4364.272 Thread 0x000001813c9b2800 DEOPT UNPACKING pc=0x000001811e5372ce sp=0x00000005b87fb7c8 mode 0
Event: 4364.435 Thread 0x000001813c9b2800 DEOPT PACKING pc=0x000001811fe4b16b sp=0x00000005b87fb6b0
Event: 4364.435 Thread 0x000001813c9b2800 DEOPT UNPACKING pc=0x000001811e5372ce sp=0x00000005b87faba0 mode 0
Event: 4364.579 Thread 0x0000018137d76800 DEOPT PACKING pc=0x000001811f272faf sp=0x00000005b83fc7b0
Event: 4364.579 Thread 0x0000018137d76800 DEOPT UNPACKING pc=0x000001811e5372ce sp=0x00000005b83fbd20 mode 0
Event: 4477.012 Thread 0x00000181383dd800 DEOPT PACKING pc=0x000001811fee678d sp=0x00000005b02fea10
Event: 4477.012 Thread 0x00000181383dd800 DEOPT UNPACKING pc=0x000001811e5372ce sp=0x00000005b02fe0c8 mode 0
Event: 4478.765 Thread 0x000001813fc2d000 Uncommon trap: trap_request=0xffffff4d fr.pc=0x0000018126faed40 relative=0x0000000000000180
Event: 4478.765 Thread 0x000001813fc2d000 Uncommon trap: reason=unstable_if action=reinterpret pc=0x0000018126faed40 method=java.util.concurrent.locks.AbstractQueuedSynchronizer.doReleaseShared()V @ 24 c2
Event: 4478.765 Thread 0x000001813fc2d000 DEOPT PACKING pc=0x0000018126faed40 sp=0x00000005b04ff210
Event: 4478.765 Thread 0x000001813fc2d000 DEOPT UNPACKING pc=0x000001811e5374af sp=0x00000005b04ff1a0 mode 2

Classes redefined (0 events):
No events

Internal exceptions (20 events):
Event: 4364.725 Thread 0x000001813c9b3000 Exception <a 'sun/nio/fs/WindowsException'{0x000000008fd93570}> (0x000000008fd93570) thrown at [./src/hotspot/share/prims/jni.cpp, line 615]
Event: 4365.852 Thread 0x000001813c9b5000 Exception <a 'sun/nio/fs/WindowsException'{0x000000008b8c7e50}> (0x000000008b8c7e50) thrown at [./src/hotspot/share/prims/jni.cpp, line 615]
Event: 4365.852 Thread 0x000001813c9b5000 Exception <a 'sun/nio/fs/WindowsException'{0x000000008b8c7f38}> (0x000000008b8c7f38) thrown at [./src/hotspot/share/prims/jni.cpp, line 615]
Event: 4365.929 Thread 0x0000018137d76800 Exception <a 'sun/nio/fs/WindowsException'{0x000000008d59e868}> (0x000000008d59e868) thrown at [./src/hotspot/share/prims/jni.cpp, line 615]
Event: 4365.929 Thread 0x0000018137d76800 Exception <a 'sun/nio/fs/WindowsException'{0x000000008d59f780}> (0x000000008d59f780) thrown at [./src/hotspot/share/prims/jni.cpp, line 615]
Event: 4365.929 Thread 0x0000018137d76800 Exception <a 'sun/nio/fs/WindowsException'{0x000000008d5a39a8}> (0x000000008d5a39a8) thrown at [./src/hotspot/share/prims/jni.cpp, line 615]
Event: 4365.929 Thread 0x0000018137d76800 Exception <a 'sun/nio/fs/WindowsException'{0x000000008d5a4900}> (0x000000008d5a4900) thrown at [./src/hotspot/share/prims/jni.cpp, line 615]
Event: 4365.929 Thread 0x0000018137d76800 Exception <a 'sun/nio/fs/WindowsException'{0x000000008d5ac120}> (0x000000008d5ac120) thrown at [./src/hotspot/share/prims/jni.cpp, line 615]
Event: 4365.929 Thread 0x0000018137d76800 Exception <a 'sun/nio/fs/WindowsException'{0x000000008d5ad088}> (0x000000008d5ad088) thrown at [./src/hotspot/share/prims/jni.cpp, line 615]
Event: 4476.785 Thread 0x000001813fc2a800 Exception <a 'sun/nio/fs/WindowsException'{0x000000008fc8bc20}> (0x000000008fc8bc20) thrown at [./src/hotspot/share/prims/jni.cpp, line 615]
Event: 4477.471 Thread 0x0000018138e5a800 Exception <a 'sun/nio/fs/WindowsException'{0x000000008f96b138}> (0x000000008f96b138) thrown at [./src/hotspot/share/prims/jni.cpp, line 615]
Event: 4477.472 Thread 0x0000018138e5a800 Exception <a 'sun/nio/fs/WindowsException'{0x000000008f96c078}> (0x000000008f96c078) thrown at [./src/hotspot/share/prims/jni.cpp, line 615]
Event: 4478.575 Thread 0x00000181383e1800 Exception <a 'sun/nio/fs/WindowsException'{0x000000008ac7a580}> (0x000000008ac7a580) thrown at [./src/hotspot/share/prims/jni.cpp, line 615]
Event: 4478.575 Thread 0x00000181383e1800 Exception <a 'sun/nio/fs/WindowsException'{0x000000008ac7a668}> (0x000000008ac7a668) thrown at [./src/hotspot/share/prims/jni.cpp, line 615]
Event: 4478.636 Thread 0x0000018138e57800 Exception <a 'sun/nio/fs/WindowsException'{0x000000008e48d0c0}> (0x000000008e48d0c0) thrown at [./src/hotspot/share/prims/jni.cpp, line 615]
Event: 4478.636 Thread 0x0000018138e57800 Exception <a 'sun/nio/fs/WindowsException'{0x000000008e48dfd8}> (0x000000008e48dfd8) thrown at [./src/hotspot/share/prims/jni.cpp, line 615]
Event: 4478.636 Thread 0x0000018138e57800 Exception <a 'sun/nio/fs/WindowsException'{0x000000008e492200}> (0x000000008e492200) thrown at [./src/hotspot/share/prims/jni.cpp, line 615]
Event: 4478.636 Thread 0x0000018138e57800 Exception <a 'sun/nio/fs/WindowsException'{0x000000008e493158}> (0x000000008e493158) thrown at [./src/hotspot/share/prims/jni.cpp, line 615]
Event: 4478.637 Thread 0x0000018138e57800 Exception <a 'sun/nio/fs/WindowsException'{0x000000008e499640}> (0x000000008e499640) thrown at [./src/hotspot/share/prims/jni.cpp, line 615]
Event: 4478.637 Thread 0x0000018138e57800 Exception <a 'sun/nio/fs/WindowsException'{0x000000008e49a5a8}> (0x000000008e49a5a8) thrown at [./src/hotspot/share/prims/jni.cpp, line 615]

Events (20 events):
Event: 4824.419 Thread 0x000001813c824000 Thread added: 0x000001813c824000
Event: 4824.422 Thread 0x000001813c81e800 Thread added: 0x000001813c81e800
Event: 4824.423 Thread 0x000001813c825000 Thread added: 0x000001813c825000
Event: 4824.425 Thread 0x000001813c81f000 Thread added: 0x000001813c81f000
Event: 4824.426 Thread 0x000001813c827800 Thread added: 0x000001813c827800
Event: 4824.426 Thread 0x000001813c826800 Thread added: 0x000001813c826800
Event: 4824.427 Thread 0x000001813c828000 Thread added: 0x000001813c828000
Event: 4824.427 Thread 0x000001813c829000 Thread added: 0x000001813c829000
Event: 4824.428 Thread 0x000001813c82a000 Thread added: 0x000001813c82a000
Event: 4824.430 Thread 0x0000018137d6e000 Thread added: 0x0000018137d6e000
Event: 4824.431 Thread 0x0000018137d71800 Thread added: 0x0000018137d71800
Event: 4824.432 Thread 0x0000018137d72000 Thread added: 0x0000018137d72000
Event: 4824.434 Thread 0x0000018137d6f000 Thread added: 0x0000018137d6f000
Event: 4824.436 Thread 0x0000018137d70000 Thread added: 0x0000018137d70000
Event: 4824.437 Thread 0x0000018137d73000 Thread added: 0x0000018137d73000
Event: 4824.437 Thread 0x0000018137d6d800 Thread added: 0x0000018137d6d800
Event: 4824.438 Thread 0x0000018137d79800 Thread added: 0x0000018137d79800
Event: 4824.439 Thread 0x0000018137d74000 Thread added: 0x0000018137d74000
Event: 4824.440 Thread 0x0000018137d74800 Thread added: 0x0000018137d74800
Event: 4824.446 Thread 0x0000018137d77000 Thread added: 0x0000018137d77000


Dynamic libraries:
0x00007ff705bf0000 - 0x00007ff705bfa000 	C:\Program Files\Android\Android Studio\jre\bin\java.exe
0x00007ffe93450000 - 0x00007ffe93645000 	C:\WINDOWS\SYSTEM32\ntdll.dll
0x00007ffe92660000 - 0x00007ffe9271d000 	C:\WINDOWS\System32\KERNEL32.DLL
0x00007ffe90b90000 - 0x00007ffe90e59000 	C:\WINDOWS\System32\KERNELBASE.dll
0x00007ffe911d0000 - 0x00007ffe912d0000 	C:\WINDOWS\System32\ucrtbase.dll
0x00007ffe7bd60000 - 0x00007ffe7bd79000 	C:\Program Files\Android\Android Studio\jre\bin\jli.dll
0x00007ffe6a140000 - 0x00007ffe6a157000 	C:\Program Files\Android\Android Studio\jre\bin\VCRUNTIME140.dll
0x00007ffe930c0000 - 0x00007ffe93260000 	C:\WINDOWS\System32\USER32.dll
0x00007ffe913f0000 - 0x00007ffe91412000 	C:\WINDOWS\System32\win32u.dll
0x00007ffe91580000 - 0x00007ffe915aa000 	C:\WINDOWS\System32\GDI32.dll
0x00007ffe90eb0000 - 0x00007ffe90fbb000 	C:\WINDOWS\System32\gdi32full.dll
0x00007ffe7ce30000 - 0x00007ffe7d0ca000 	C:\WINDOWS\WinSxS\amd64_microsoft.windows.common-controls_6595b64144ccf1df_6.0.19041.1052_none_60b8f8fd71f5e8cb\COMCTL32.dll
0x00007ffe91420000 - 0x00007ffe914bd000 	C:\WINDOWS\System32\msvcp_win.dll
0x00007ffe92900000 - 0x00007ffe9299e000 	C:\WINDOWS\System32\msvcrt.dll
0x00007ffe929a0000 - 0x00007ffe929d0000 	C:\WINDOWS\System32\IMM32.DLL
0x00007ffe5ca10000 - 0x00007ffe5caad000 	C:\Program Files\Android\Android Studio\jre\bin\msvcp140.dll
0x00007ffe2f3f0000 - 0x00007ffe2feac000 	C:\Program Files\Android\Android Studio\jre\bin\server\jvm.dll
0x00007ffe929d0000 - 0x00007ffe92a7c000 	C:\WINDOWS\System32\ADVAPI32.dll
0x00007ffe92860000 - 0x00007ffe928fb000 	C:\WINDOWS\System32\sechost.dll
0x00007ffe91910000 - 0x00007ffe91a3a000 	C:\WINDOWS\System32\RPCRT4.dll
0x00007ffe92840000 - 0x00007ffe92848000 	C:\WINDOWS\System32\PSAPI.DLL
0x00007ffe7ac80000 - 0x00007ffe7ac89000 	C:\WINDOWS\SYSTEM32\WSOCK32.dll
0x00007ffe859a0000 - 0x00007ffe859c7000 	C:\WINDOWS\SYSTEM32\WINMM.dll
0x00007ffe89600000 - 0x00007ffe8960a000 	C:\WINDOWS\SYSTEM32\VERSION.dll
0x00007ffe925f0000 - 0x00007ffe9265b000 	C:\WINDOWS\System32\WS2_32.dll
0x00007ffe8eac0000 - 0x00007ffe8ead2000 	C:\WINDOWS\SYSTEM32\kernel.appcore.dll
0x00007ffe8c610000 - 0x00007ffe8c621000 	C:\Program Files\Android\Android Studio\jre\bin\verify.dll
0x00007ffe868a0000 - 0x00007ffe86a84000 	C:\WINDOWS\SYSTEM32\DBGHELP.DLL
0x00007ffe79550000 - 0x00007ffe7957c000 	C:\WINDOWS\SYSTEM32\dbgcore.DLL
0x00007ffe91300000 - 0x00007ffe91383000 	C:\WINDOWS\System32\bcryptPrimitives.dll
0x00007ffe72650000 - 0x00007ffe72679000 	C:\Program Files\Android\Android Studio\jre\bin\java.dll
0x00007ffe82ea0000 - 0x00007ffe82eab000 	C:\Program Files\Android\Android Studio\jre\bin\jimage.dll
0x00007ffe70660000 - 0x00007ffe70678000 	C:\Program Files\Android\Android Studio\jre\bin\zip.dll
0x00007ffe91eb0000 - 0x00007ffe925ef000 	C:\WINDOWS\System32\SHELL32.dll
0x00007ffe8ecc0000 - 0x00007ffe8f451000 	C:\WINDOWS\SYSTEM32\windows.storage.dll
0x00007ffe915b0000 - 0x00007ffe91905000 	C:\WINDOWS\System32\combase.dll
0x00007ffe90590000 - 0x00007ffe905bc000 	C:\WINDOWS\SYSTEM32\Wldp.dll
0x00007ffe92a90000 - 0x00007ffe92b3e000 	C:\WINDOWS\System32\SHCORE.dll
0x00007ffe914c0000 - 0x00007ffe91515000 	C:\WINDOWS\System32\shlwapi.dll
0x00007ffe90ad0000 - 0x00007ffe90aef000 	C:\WINDOWS\SYSTEM32\profapi.dll
0x00007ffe70640000 - 0x00007ffe7065a000 	C:\Program Files\Android\Android Studio\jre\bin\net.dll
0x00007ffe85bf0000 - 0x00007ffe85cfa000 	C:\WINDOWS\SYSTEM32\WINHTTP.dll
0x00007ffe902f0000 - 0x00007ffe9035a000 	C:\WINDOWS\system32\mswsock.dll
0x00007ffe6cc70000 - 0x00007ffe6cc84000 	C:\Program Files\Android\Android Studio\jre\bin\nio.dll
0x00007ffe598d0000 - 0x00007ffe598f6000 	C:\Users\Gopi Kishan P\.gradle\native\fdc75f09e3144964f2cf3f50f0aa648679c211496f362492102eb8c894070792\windows-amd64\native-platform.dll
0x00007ffe347f0000 - 0x00007ffe34981000 	C:\Users\Gopi Kishan P\.gradle\native\12488b8bf47d2d4c9fbf2f6322a914ad602e24e48041cd04a747c6da556b65c4\windows-amd64\native-platform-file-events.dll
0x00007ffe74ee0000 - 0x00007ffe74eea000 	C:\Program Files\Android\Android Studio\jre\bin\management.dll
0x00007ffe71e20000 - 0x00007ffe71e2c000 	C:\Program Files\Android\Android Studio\jre\bin\management_ext.dll
0x00007ffe904d0000 - 0x00007ffe904e8000 	C:\WINDOWS\SYSTEM32\CRYPTSP.dll
0x00007ffe8fc30000 - 0x00007ffe8fc64000 	C:\WINDOWS\system32\rsaenh.dll
0x00007ffe912d0000 - 0x00007ffe912f7000 	C:\WINDOWS\System32\bcrypt.dll
0x00007ffe90a90000 - 0x00007ffe90abe000 	C:\WINDOWS\SYSTEM32\USERENV.dll
0x00007ffe904f0000 - 0x00007ffe904fc000 	C:\WINDOWS\SYSTEM32\CRYPTBASE.dll
0x00007ffe8ff80000 - 0x00007ffe8ffbb000 	C:\WINDOWS\SYSTEM32\IPHLPAPI.DLL
0x00007ffe92a80000 - 0x00007ffe92a88000 	C:\WINDOWS\System32\NSI.dll
0x00007ffe89630000 - 0x00007ffe89647000 	C:\WINDOWS\SYSTEM32\dhcpcsvc6.DLL
0x00007ffe89610000 - 0x00007ffe8962d000 	C:\WINDOWS\SYSTEM32\dhcpcsvc.DLL
0x00007ffe8ffc0000 - 0x00007ffe9008c000 	C:\WINDOWS\SYSTEM32\DNSAPI.dll
0x00007ffe8a3d0000 - 0x00007ffe8a3db000 	C:\WINDOWS\SYSTEM32\WINNSI.DLL

dbghelp: loaded successfully - version: 4.0.5 - missing functions: none
symbol engine: initialized successfully - sym options: 0x614 - pdb path: .;C:\Program Files\Android\Android Studio\jre\bin;C:\WINDOWS\SYSTEM32;C:\WINDOWS\WinSxS\amd64_microsoft.windows.common-controls_6595b64144ccf1df_6.0.19041.1052_none_60b8f8fd71f5e8cb;C:\Program Files\Android\Android Studio\jre\bin\server;C:\Users\Gopi Kishan P\.gradle\native\fdc75f09e3144964f2cf3f50f0aa648679c211496f362492102eb8c894070792\windows-amd64;C:\Users\Gopi Kishan P\.gradle\native\12488b8bf47d2d4c9fbf2f6322a914ad602e24e48041cd04a747c6da556b65c4\windows-amd64

VM Arguments:
jvm_args: --add-opens=java.base/java.util=ALL-UNNAMED --add-opens=java.base/java.lang=ALL-UNNAMED --add-opens=java.base/java.lang.invoke=ALL-UNNAMED --add-opens=java.prefs/java.util.prefs=ALL-UNNAMED -Xmx2048m -Dfile.encoding=UTF-8 -Duser.country=IN -Duser.language=en -Duser.variant 
java_command: org.gradle.launcher.daemon.bootstrap.GradleDaemon 6.7.1
java_class_path (initial): C:\Users\Gopi Kishan P\.gradle\wrapper\dists\gradle-6.7.1-bin\bwlcbys1h7rz3272sye1xwiv6\gradle-6.7.1\lib\gradle-launcher-6.7.1.jar
Launcher Type: SUN_STANDARD

[Global flags]
     intx CICompilerCount                          = 4                                         {product} {ergonomic}
     uint ConcGCThreads                            = 3                                         {product} {ergonomic}
     uint G1ConcRefinementThreads                  = 10                                        {product} {ergonomic}
   size_t G1HeapRegionSize                         = 1048576                                   {product} {ergonomic}
    uintx GCDrainStackTargetSize                   = 64                                        {product} {ergonomic}
   size_t InitialHeapSize                          = 125829120                                 {product} {ergonomic}
   size_t MarkStackSize                            = 4194304                                   {product} {ergonomic}
   size_t MaxHeapSize                              = 2147483648                                {product} {command line}
   size_t MaxNewSize                               = 1287651328                                {product} {ergonomic}
   size_t MinHeapDeltaBytes                        = 1048576                                   {product} {ergonomic}
    uintx NonNMethodCodeHeapSize                   = 5836300                                {pd product} {ergonomic}
    uintx NonProfiledCodeHeapSize                  = 122910970                              {pd product} {ergonomic}
    uintx ProfiledCodeHeapSize                     = 122910970                              {pd product} {ergonomic}
    uintx ReservedCodeCacheSize                    = 251658240                              {pd product} {ergonomic}
     bool SegmentedCodeCache                       = true                                      {product} {ergonomic}
     bool UseCompressedClassPointers               = true                                 {lp64_product} {ergonomic}
     bool UseCompressedOops                        = true                                 {lp64_product} {ergonomic}
     bool UseG1GC                                  = true                                      {product} {ergonomic}
     bool UseLargePagesIndividualAllocation        = false                                  {pd product} {ergonomic}

Logging:
Log output configuration:
 #0: stdout all=warning uptime,level,tags
 #1: stderr all=off uptime,level,tags

Environment Variables:
JAVA_HOME=C:\Users\Gopi Kishan P\AppData\Local\Programs\AdoptOpenJDK\
PATH=C:\Program Files\Python38\Scripts\;C:\Program Files\Python38\;C:\Windows\system32;C:\Windows;C:\Windows\System32\Wbem;C:\Windows\System32\WindowsPowerShell\v1.0\;C:\Windows\System32\OpenSSH\;C:\Program Files (x86)\NVIDIA Corporation\PhysX\Common;C:\Program Files\NVIDIA Corporation\NVIDIA NvDLISR;C:\Scrcpy;C:\flutter\bin;C:\androidSDK;C:\Users\Gopi Kishan P\AppData\Roaming\Python\Python38\Scripts;C:\Program Files\dotnet\;C:\MinGW\bin;C:\WINDOWS\system32;C:\WINDOWS;C:\WINDOWS\System32\Wbem;C:\WINDOWS\System32\WindowsPowerShell\v1.0\;C:\WINDOWS\System32\OpenSSH\;C:\Program Files\Git\cmd;D:\xampp\php;D:\xampp2\php;C:\Program Files\nodejs\;D:\chrome driver\chromedriver;C:\Program Files\MySQL\MySQL Shell 8.0\bin\;C:\Users\Gopi Kishan P\AppData\Local\Programs\AdoptOpenJDK\bin;C:\Users\Gopi Kishan P\AppData\Local\Microsoft\WindowsApps;C:\Users\Gopi Kishan P\AppData\Local\Programs\Microsoft VS Code\bin;C:\Program Files\flutter\bin;C:\Users\Gopi Kishan P\AppData\Local\GitHubDesktop\bin;C:\MinGW\bin;D:\xampp\php;D:\xampp2\php;C:\Users\Gopi Kishan P\AppData\Roaming\npm;D:\chrome driver\chromedriver;D:\Softwares\Anaconda3;D:\Softwares\Anaconda3\Scripts;D:\Projects\Personal\Python\PDF tool;C:\Users\Gopi Kishan P\AppData\Local\Android\sdk\tools\bin;C:\flutter\flutter\bin;
USERNAME=Gopi Kishan
OS=Windows_NT
PROCESSOR_IDENTIFIER=AMD64 Family 23 Model 96 Stepping 1, AuthenticAMD



---------------  S Y S T E M  ---------------

OS: Windows 10 , 64 bit Build 19041 (10.0.19041.1023)
OS uptime: 4 days 9:52 hours

CPU:total 12 (initial active 12) (12 cores per cpu, 2 threads per core) family 23 model 96 stepping 1, cmov, cx8, fxsr, mmx, sse, sse2, sse3, ssse3, sse4.1, sse4.2, popcnt, avx, avx2, aes, clmul, mmxext, 3dnowpref, lzcnt, sse4a, ht, tsc, tscinvbit, tscinv, bmi1, bmi2, adx, sha, fma

Memory: 4k page, system-wide physical 7599M (230M free)
TotalPageFile size 22599M (AvailPageFile size 6M)
current process WorkingSet (physical memory assigned to process): 182M, peak: 535M
current process commit charge ("private bytes"): 668M, peak: 680M

vm_info: OpenJDK 64-Bit Server VM (11.0.8+10-b944.6842174) for windows-amd64 JRE (11.0.8+10-b944.6842174), built on Sep 19 2020 01:11:42 by "builder" with MS VC++ 14.0 (VS2015)

END.
